This is XeTeX, Version 3.14159265-2.6-0.999991 (MiKTeX 2.9.7250 64-bit) (preloaded format=xelatex 2019.12.15)  17 MAR 2020 23:18
entering extended mode
**./Miao_Cai_CV_English.tex
(Miao_Cai_CV_English.tex
LaTeX2e <2019-10-01> patch level 3
("C:\Program Files\MiKTeX 2.9\tex/latex/base\article.cls"
Document Class: article 2019/10/25 v1.4k Standard LaTeX document class
("C:\Program Files\MiKTeX 2.9\tex/latex/base\size11.clo"
File: size11.clo 2019/10/25 v1.4k Standard LaTeX file (size option)
)
\c@part=\count80
\c@section=\count81
\c@subsection=\count82
\c@subsubsection=\count83
\c@paragraph=\count84
\c@subparagraph=\count85
\c@figure=\count86
\c@table=\count87
\abovecaptionskip=\skip41
\belowcaptionskip=\skip42
\bibindent=\dimen102
)
("C:\Program Files\MiKTeX 2.9\tex/latex/fontspec\fontspec.sty"
("C:\Program Files\MiKTeX 2.9\tex/latex/l3packages/xparse\xparse.sty"
("C:\Program Files\MiKTeX 2.9\tex/latex/l3kernel\expl3.sty"
Package: expl3 2019-11-07 L3 programming layer (loader) 

("C:\Program Files\MiKTeX 2.9\tex/latex/l3kernel\expl3-code.tex"
Package: expl3 2019-11-07 L3 programming layer (code)
\c_max_int=\count88
\l_tmpa_int=\count89
\l_tmpb_int=\count90
\g_tmpa_int=\count91
\g_tmpb_int=\count92
\l__seq_internal_a_int=\count93
\l__seq_internal_b_int=\count94
\g__kernel_prg_map_int=\count95
\c__ior_term_noprompt_ior=\count96
\c_log_iow=\count97
\l_iow_line_count_int=\count98
\l__iow_line_target_int=\count99
\l__iow_one_indent_int=\count100
\l__iow_indent_int=\count101
\c_zero_dim=\dimen103
\c_max_dim=\dimen104
\l_tmpa_dim=\dimen105
\l_tmpb_dim=\dimen106
\g_tmpa_dim=\dimen107
\g_tmpb_dim=\dimen108
\c_zero_skip=\skip43
\c_max_skip=\skip44
\l_tmpa_skip=\skip45
\l_tmpb_skip=\skip46
\g_tmpa_skip=\skip47
\g_tmpb_skip=\skip48
\c_zero_muskip=\muskip10
\c_max_muskip=\muskip11
\l_tmpa_muskip=\muskip12
\l_tmpb_muskip=\muskip13
\g_tmpa_muskip=\muskip14
\g_tmpb_muskip=\muskip15
\l_keys_choice_int=\count102
\l__intarray_loop_int=\count103
\c__intarray_sp_dim=\dimen109
\g__intarray_font_int=\count104
\c__fp_leading_shift_int=\count105
\c__fp_middle_shift_int=\count106
\c__fp_trailing_shift_int=\count107
\c__fp_big_leading_shift_int=\count108
\c__fp_big_middle_shift_int=\count109
\c__fp_big_trailing_shift_int=\count110
\c__fp_Bigg_leading_shift_int=\count111
\c__fp_Bigg_middle_shift_int=\count112
\c__fp_Bigg_trailing_shift_int=\count113
\g__fp_array_int=\count114
\l__fp_array_loop_int=\count115
\l__sort_length_int=\count116
\l__sort_min_int=\count117
\l__sort_top_int=\count118
\l__sort_max_int=\count119
\l__sort_true_max_int=\count120
\l__sort_block_int=\count121
\l__sort_begin_int=\count122
\l__sort_end_int=\count123
\l__sort_A_int=\count124
\l__sort_B_int=\count125
\l__sort_C_int=\count126
\l__str_internal_int=\count127
\l__tl_analysis_normal_int=\count128
\l__tl_analysis_index_int=\count129
\l__tl_analysis_nesting_int=\count130
\l__tl_analysis_type_int=\count131
\l__regex_internal_a_int=\count132
\l__regex_internal_b_int=\count133
\l__regex_internal_c_int=\count134
\l__regex_balance_int=\count135
\l__regex_group_level_int=\count136
\l__regex_mode_int=\count137
\c__regex_cs_in_class_mode_int=\count138
\c__regex_cs_mode_int=\count139
\l__regex_catcodes_int=\count140
\l__regex_default_catcodes_int=\count141
\c__regex_catcode_L_int=\count142
\c__regex_catcode_O_int=\count143
\c__regex_catcode_A_int=\count144
\c__regex_all_catcodes_int=\count145
\l__regex_show_lines_int=\count146
\l__regex_min_state_int=\count147
\l__regex_max_state_int=\count148
\l__regex_left_state_int=\count149
\l__regex_right_state_int=\count150
\l__regex_capturing_group_int=\count151
\l__regex_min_pos_int=\count152
\l__regex_max_pos_int=\count153
\l__regex_curr_pos_int=\count154
\l__regex_start_pos_int=\count155
\l__regex_success_pos_int=\count156
\l__regex_curr_char_int=\count157
\l__regex_curr_catcode_int=\count158
\l__regex_last_char_int=\count159
\l__regex_case_changed_char_int=\count160
\l__regex_curr_state_int=\count161
\l__regex_step_int=\count162
\l__regex_min_active_int=\count163
\l__regex_max_active_int=\count164
\l__regex_replacement_csnames_int=\count165
\l__regex_match_count_int=\count166
\l__regex_min_submatch_int=\count167
\l__regex_submatch_int=\count168
\l__regex_zeroth_submatch_int=\count169
\g__regex_trace_regex_int=\count170
\c_empty_box=\box27
\l_tmpa_box=\box28
\l_tmpb_box=\box29
\g_tmpa_box=\box30
\g_tmpb_box=\box31
\l__box_top_dim=\dimen110
\l__box_bottom_dim=\dimen111
\l__box_left_dim=\dimen112
\l__box_right_dim=\dimen113
\l__box_top_new_dim=\dimen114
\l__box_bottom_new_dim=\dimen115
\l__box_left_new_dim=\dimen116
\l__box_right_new_dim=\dimen117
\l__box_internal_box=\box32
\l__coffin_internal_box=\box33
\l__coffin_internal_dim=\dimen118
\l__coffin_offset_x_dim=\dimen119
\l__coffin_offset_y_dim=\dimen120
\l__coffin_x_dim=\dimen121
\l__coffin_y_dim=\dimen122
\l__coffin_x_prime_dim=\dimen123
\l__coffin_y_prime_dim=\dimen124
\c_empty_coffin=\box34
\l__coffin_aligned_coffin=\box35
\l__coffin_aligned_internal_coffin=\box36
\l_tmpa_coffin=\box37
\l_tmpb_coffin=\box38
\g_tmpa_coffin=\box39
\g_tmpb_coffin=\box40
\l__coffin_bounding_shift_dim=\dimen125
\l__coffin_left_corner_dim=\dimen126
\l__coffin_right_corner_dim=\dimen127
\l__coffin_bottom_corner_dim=\dimen128
\l__coffin_top_corner_dim=\dimen129
\l__coffin_scaled_total_height_dim=\dimen130
\l__coffin_scaled_width_dim=\dimen131
\c__coffin_empty_coffin=\box41
\l__coffin_display_coffin=\box42
\l__coffin_display_coord_coffin=\box43
\l__coffin_display_pole_coffin=\box44
\l__coffin_display_offset_dim=\dimen132
\l__coffin_display_x_dim=\dimen133
\l__coffin_display_y_dim=\dimen134
\g__char_data_ior=\read1

("C:\Program Files\MiKTeX 2.9\tex/latex/l3kernel\l3deprecation.def"
File: l3deprecation.def 2019-04-06 v L3 Deprecated functions
))
("C:\Program Files\MiKTeX 2.9\tex/latex/l3backend\l3backend-xdvipdfmx.def"
File: l3backend-xdvipdfmx.def 2019-04-06 L3 backend support: xdvipdfmx
\g__graphics_track_int=\count171
\l__pdf_internal_box=\box45
\g__pdf_backend_object_int=\count172
\g__pdf_backend_annotation_int=\count173
))
Package: xparse 2019-10-11 L3 Experimental document command parser
\l__xparse_current_arg_int=\count174
\g__xparse_grabber_int=\count175
\l__xparse_m_args_int=\count176
\l__xparse_v_nesting_int=\count177
)
Package: fontspec 2019/10/19 v2.7d Font selection for XeLaTeX and LuaLaTeX

("C:\Program Files\MiKTeX 2.9\tex/latex/fontspec\fontspec-xetex.sty"
Package: fontspec-xetex 2019/10/19 v2.7d Font selection for XeLaTeX and LuaLaTe
X
\l__fontspec_script_int=\count178
\l__fontspec_language_int=\count179
\l__fontspec_strnum_int=\count180
\l__fontspec_tmp_int=\count181
\l__fontspec_tmpa_int=\count182
\l__fontspec_tmpb_int=\count183
\l__fontspec_tmpc_int=\count184
\l__fontspec_em_int=\count185
\l__fontspec_emdef_int=\count186
\l__fontspec_strong_int=\count187
\l__fontspec_strongdef_int=\count188
\l__fontspec_tmpa_dim=\dimen135
\l__fontspec_tmpb_dim=\dimen136
\l__fontspec_tmpc_dim=\dimen137

("C:\Program Files\MiKTeX 2.9\tex/latex/base\fontenc.sty"
Package: fontenc 2018/08/11 v2.0j Standard LaTeX package

("C:\Program Files\MiKTeX 2.9\tex/latex/base\tuenc.def"
File: tuenc.def 2018/08/11 v2.0j Standard LaTeX file
LaTeX Font Info:    Redeclaring font encoding TU on input line 82.
))
("C:\Program Files\MiKTeX 2.9\tex/latex/fontspec\fontspec.cfg")
LaTeX Info: Redefining \itshape on input line 4047.
LaTeX Info: Redefining \slshape on input line 4052.
LaTeX Info: Redefining \scshape on input line 4057.
LaTeX Info: Redefining \upshape on input line 4062.
LaTeX Info: Redefining \em on input line 4092.
LaTeX Info: Redefining \emph on input line 4117.
))
(C:\Users\zheng\AppData\Roaming\MiKTeX\2.9\tex/latex/epigraph\epigraph.sty
Package: epigraph 2020/01/02 v1.5e typesetting epigraphs

(C:\Users\zheng\AppData\Roaming\MiKTeX\2.9\tex/latex/nextpage\nextpage.sty
Package: nextpage 2009/09/03 v1.1a additional page commands
)
\beforeepigraphskip=\skip49
\afterepigraphskip=\skip50
\epigraphwidth=\skip51
\epigraphrule=\skip52
)
(C:\Users\zheng\AppData\Roaming\MiKTeX\2.9\tex/latex/geometry\geometry.sty
Package: geometry 2018/04/16 v5.8 Page Geometry

("C:\Program Files\MiKTeX 2.9\tex/latex/graphics\keyval.sty"
Package: keyval 2014/10/28 v1.15 key=value parser (DPC)
\KV@toks@=\toks14
)
("C:\Program Files\MiKTeX 2.9\tex/generic/iftex\ifpdf.sty"
Package: ifpdf 2019/10/25 v3.4 ifpdf legacy package. Use iftex instead.

("C:\Program Files\MiKTeX 2.9\tex/generic/iftex\iftex.sty"
Package: iftex 2019/11/07 v1.0c TeX engine tests
))
("C:\Program Files\MiKTeX 2.9\tex/generic/iftex\ifvtex.sty"
Package: ifvtex 2019/10/25 v1.7 ifvtex legacy package. Use iftex instead.
)
("C:\Program Files\MiKTeX 2.9\tex/generic/iftex\ifxetex.sty"
Package: ifxetex 2019/10/25 v0.7 ifxetex legacy package. Use iftex instead.
)
\Gm@cnth=\count189
\Gm@cntv=\count190
\c@Gm@tempcnt=\count191
\Gm@bindingoffset=\dimen138
\Gm@wd@mp=\dimen139
\Gm@odd@mp=\dimen140
\Gm@even@mp=\dimen141
\Gm@layoutwidth=\dimen142
\Gm@layoutheight=\dimen143
\Gm@layouthoffset=\dimen144
\Gm@layoutvoffset=\dimen145
\Gm@dimlist=\toks15

("C:\Program Files\MiKTeX 2.9\tex/xelatex/xetexconfig\geometry.cfg"))
("C:\Program Files\MiKTeX 2.9\tex/latex/xcolor\xcolor.sty"
Package: xcolor 2016/05/11 v2.12 LaTeX color extensions (UK)

("C:\Program Files\MiKTeX 2.9\tex/latex/graphics-cfg\color.cfg"
File: color.cfg 2016/01/02 v1.6 sample color configuration
)
Package xcolor Info: Package option `usenames' ignored on input line 216.
Package xcolor Info: Driver file: xetex.def on input line 225.

("C:\Program Files\MiKTeX 2.9\tex/latex/graphics-def\xetex.def"
File: xetex.def 2017/06/24 v5.0h Graphics/color driver for xetex
)
Package xcolor Info: Model `cmy' substituted by `cmy0' on input line 1348.
Package xcolor Info: Model `RGB' extended on input line 1364.
Package xcolor Info: Model `HTML' substituted by `rgb' on input line 1366.
Package xcolor Info: Model `Hsb' substituted by `hsb' on input line 1367.
Package xcolor Info: Model `tHsb' substituted by `hsb' on input line 1368.
Package xcolor Info: Model `HSB' substituted by `hsb' on input line 1369.
Package xcolor Info: Model `Gray' substituted by `gray' on input line 1370.
Package xcolor Info: Model `wave' substituted by `hsb' on input line 1371.

("C:\Program Files\MiKTeX 2.9\tex/latex/graphics\dvipsnam.def"
File: dvipsnam.def 2016/06/17 v3.0m Driver-dependent file (DPC,SPQR)
))
(C:\Users\zheng\AppData\Roaming\MiKTeX\2.9\tex/xelatex/xunicode\xunicode.sty
File: xunicode.sty 2011/09/09 v0.981 provides access to latin accents and many 
other characters in Unicode lower plane

(C:\Users\zheng\AppData\Roaming\MiKTeX\2.9\tex/latex/tipa\t3enc.def
File: t3enc.def 2001/12/31 T3 encoding
)
\tipaTiiicode=\count192
\tipasavetokens=\toks16
\tipachecktokens=\toks17

("C:\Program Files\MiKTeX 2.9\tex/latex/graphics\graphicx.sty"
Package: graphicx 2017/06/01 v1.1a Enhanced LaTeX Graphics (DPC,SPQR)

("C:\Program Files\MiKTeX 2.9\tex/latex/graphics\graphics.sty"
Package: graphics 2019/11/01 v1.3d Standard LaTeX Graphics (DPC,SPQR)

("C:\Program Files\MiKTeX 2.9\tex/latex/graphics\trig.sty"
Package: trig 2016/01/03 v1.10 sin cos tan (DPC)
)
("C:\Program Files\MiKTeX 2.9\tex/latex/graphics-cfg\graphics.cfg"
File: graphics.cfg 2016/06/04 v1.11 sample graphics configuration
)
Package graphics Info: Driver file: xetex.def on input line 105.
)
\Gin@req@height=\dimen146
\Gin@req@width=\dimen147
))
(C:\Users\zheng\AppData\Roaming\MiKTeX\2.9\tex/latex/xltxtra\xltxtra.sty
Package: xltxtra 2018/12/31 v0.7 Improvements for the "XeLaTeX" format

("C:\Program Files\MiKTeX 2.9\tex/generic/iftex\ifluatex.sty"
Package: ifluatex 2019/10/25 v1.5 ifluatex legacy package. Use iftex instead.
)
(C:\Users\zheng\AppData\Roaming\MiKTeX\2.9\tex/latex/realscripts\realscripts.st
y
Package: realscripts 2016/02/13 v0.3d Access OpenType subscripts and superscrip
ts
\subsupersep=\dimen148
) (C:\Users\zheng\AppData\Roaming\MiKTeX\2.9\tex/latex/metalogo\metalogo.sty
Package: metalogo 2010/05/29 v0.12 Extended TeX logo macros
\xl@everylogo=\toks18
\xl@@everylogo=\toks19
LaTeX Info: Redefining \TeX on input line 193.
LaTeX Info: Redefining \LaTeX on input line 202.
LaTeX Info: Redefining \LaTeXe on input line 219.
)
\l__xetex_show_hyphens_wrapping_box=\box46
\l__xetex_show_hyphens_temp_box=\box47
\l__xetex_show_hyphens_final_box=\box48
\g__xetex_show_hyphens_word_box=\box49
)

Package fontspec Info: Font family 'LinLibertine_R.otf(0)' created for font
(fontspec)             'LinLibertine_R.otf' with options
(fontspec)             [Mapping=tex-text,Ligatures=TeX,Ligatures={Common},Numbe
rs={OldStyle},Variant=01,BoldFont=LinLibertine_RB.otf,ItalicFont=LinLibertine_R
I.otf,BoldItalicFont=LinLibertine_RBI.otf].
(fontspec)              
(fontspec)              This font family consists of the following NFSS
(fontspec)             series/shapes:
(fontspec)              
(fontspec)             - 'normal' (m/n) with NFSS spec.:
(fontspec)             <->"[LinLibertine_R.otf]/OT:script=latn;language=DFLT;+l
iga;+onum;+ss01;mapping=tex-text;"
(fontspec)             - 'small caps'  (m/sc) with NFSS spec.:
(fontspec)             <->"[LinLibertine_R.otf]/OT:script=latn;language=DFLT;+l
iga;+onum;+ss01;+smcp;mapping=tex-text;"
(fontspec)             - 'bold' (bx/n) with NFSS spec.:
(fontspec)             <->"[LinLibertine_RB.otf]/OT:script=latn;language=DFLT;+
liga;+onum;+ss01;mapping=tex-text;"
(fontspec)             - 'bold small caps'  (bx/sc) with NFSS spec.:
(fontspec)             <->"[LinLibertine_RB.otf]/OT:script=latn;language=DFLT;+
liga;+onum;+ss01;+smcp;mapping=tex-text;"
(fontspec)             - 'italic' (m/it) with NFSS spec.:
(fontspec)             <->"[LinLibertine_RI.otf]/OT:script=latn;language=DFLT;+
liga;+onum;+ss01;mapping=tex-text;"
(fontspec)             - 'italic small caps'  (m/itsc) with NFSS spec.:
(fontspec)             <->"[LinLibertine_RI.otf]/OT:script=latn;language=DFLT;+
liga;+onum;+ss01;+smcp;mapping=tex-text;"
(fontspec)             - 'bold italic' (bx/it) with NFSS spec.:
(fontspec)             <->"[LinLibertine_RBI.otf]/OT:script=latn;language=DFLT;
+liga;+onum;+ss01;mapping=tex-text;"
(fontspec)             - 'bold italic small caps'  (bx/itsc) with NFSS spec.:
(fontspec)             <->"[LinLibertine_RBI.otf]/OT:script=latn;language=DFLT;
+liga;+onum;+ss01;+smcp;mapping=tex-text;"

LaTeX Info: Redefining \rmfamily on input line 38.

Package fontspec Info: Font family 'DejaVuSansMono.ttf(0)' created for font
(fontspec)             'DejaVuSansMono.ttf' with options
(fontspec)             [Mapping=tex-text,WordSpace={1,0,0},HyphenChar=None,Punc
tuationSpace=WordSpace,Scale=0.8].
(fontspec)              
(fontspec)              This font family consists of the following NFSS
(fontspec)             series/shapes:
(fontspec)              
(fontspec)             - 'normal' (m/n) with NFSS spec.:
(fontspec)             <->s*[0.8]"[DejaVuSansMono.ttf]/OT:script=latn;language=
DFLT;mapping=tex-text;"
(fontspec)             - 'small caps'  (m/sc) with NFSS spec.: 
(fontspec)             and font adjustment code:
(fontspec)             \fontdimen 2\font =1\fontdimen 2\font \fontdimen 3\font
(fontspec)             =0\fontdimen 3\font \fontdimen 4\font =0\fontdimen
(fontspec)             4\font \fontdimen 7\font =0\fontdimen 2\font
(fontspec)             \tex_hyphenchar:D \font =-1\scan_stop: 

LaTeX Info: Redefining \ttfamily on input line 39.
(C:\Users\zheng\AppData\Roaming\MiKTeX\2.9\tex/latex/marginnote\marginnote.sty
Package: marginnote 2018/08/09 v1.4b non floating margin notes for LaTeX
\c@mn@abspage=\count193
) (C:\Users\zheng\AppData\Roaming\MiKTeX\2.9\tex/latex/sectsty\sectsty.sty
Package: sectsty 2002/02/25 v2.0.2 Commands to change all sectional heading sty
les


LaTeX Warning: Command \underbar  has changed.
               Check if current package is valid.


LaTeX Warning: Command \underline  has changed.
               Check if current package is valid.

) (C:\Users\zheng\AppData\Roaming\MiKTeX\2.9\tex/latex/ulem\ulem.sty
\UL@box=\box50
\UL@hyphenbox=\box51
\UL@skip=\skip53
\UL@hook=\toks20
\UL@height=\dimen149
\UL@pe=\count194
\UL@pixel=\dimen150
\ULC@box=\box52
Package: ulem 2012/05/18
\ULdepth=\dimen151
)
("C:\Program Files\MiKTeX 2.9\tex/latex/hyperref\hyperref.sty"
Package: hyperref 2019/11/10 v7.00c Hypertext links for LaTeX

("C:\Program Files\MiKTeX 2.9\tex/generic/oberdiek\ltxcmds.sty"
Package: ltxcmds 2016/05/16 v1.23 LaTeX kernel commands for general use (HO)
)
("C:\Program Files\MiKTeX 2.9\tex/latex/pdftexcmds\pdftexcmds.sty"
Package: pdftexcmds 2019/11/24 v0.31 Utility functions of pdfTeX for LuaTeX (HO
)

(C:\Users\zheng\AppData\Roaming\MiKTeX\2.9\tex/generic/infwarerr\infwarerr.sty
Package: infwarerr 2019/12/03 v1.5 Providing info/warning/error messages (HO)
)
Package pdftexcmds Info: \pdf@primitive is available.
Package pdftexcmds Info: \pdf@ifprimitive is available.
Package pdftexcmds Info: \pdfdraftmode not found.
) ("C:\Program Files\MiKTeX 2.9\tex/generic/oberdiek\kvsetkeys.sty"
Package: kvsetkeys 2016/05/16 v1.17 Key value parser (HO)

("C:\Program Files\MiKTeX 2.9\tex/generic/oberdiek\etexcmds.sty"
Package: etexcmds 2016/05/16 v1.6 Avoid name clashes with e-TeX commands (HO)
))
("C:\Program Files\MiKTeX 2.9\tex/generic/oberdiek\kvdefinekeys.sty"
Package: kvdefinekeys 2016/05/16 v1.4 Define keys (HO)
)
("C:\Program Files\MiKTeX 2.9\tex/generic/oberdiek\pdfescape.sty"
Package: pdfescape 2016/05/16 v1.14 Implements pdfTeX's escape features (HO)
)
("C:\Program Files\MiKTeX 2.9\tex/latex/oberdiek\hycolor.sty"
Package: hycolor 2016/05/16 v1.8 Color options for hyperref/bookmark (HO)

("C:\Program Files\MiKTeX 2.9\tex/latex/oberdiek\xcolor-patch.sty"
Package: xcolor-patch 2016/05/16 xcolor patch

("C:\Program Files\MiKTeX 2.9\tex/latex/oberdiek\hopatch.sty"
Package: hopatch 2016/05/16 v1.3 Wrapper for package hooks (HO)
)))
(C:\Users\zheng\AppData\Roaming\MiKTeX\2.9\tex/latex/letltxmacro\letltxmacro.st
y
Package: letltxmacro 2019/12/03 v1.6 Let assignment for LaTeX macros (HO)
) ("C:\Program Files\MiKTeX 2.9\tex/latex/oberdiek\auxhook.sty"
Package: auxhook 2016/05/16 v1.4 Hooks for auxiliary files (HO)
)
(C:\Users\zheng\AppData\Roaming\MiKTeX\2.9\tex/latex/kvoptions\kvoptions.sty
Package: kvoptions 2019/11/29 v3.13 Key value format for package options (HO)
)
\@linkdim=\dimen152
\Hy@linkcounter=\count195
\Hy@pagecounter=\count196

("C:\Program Files\MiKTeX 2.9\tex/latex/hyperref\pd1enc.def"
File: pd1enc.def 2019/11/10 v7.00c Hyperref: PDFDocEncoding definition (HO)
)
("C:\Program Files\MiKTeX 2.9\tex/generic/oberdiek\intcalc.sty"
Package: intcalc 2016/05/16 v1.2 Expandable calculations with integers (HO)
)
\Hy@SavedSpaceFactor=\count197

("C:\Program Files\MiKTeX 2.9\tex/latex/00miktex\hyperref.cfg"
File: hyperref.cfg 2002/06/06 v1.2 hyperref configuration of TeXLive
)
Package hyperref Info: Option `bookmarks' set `true' on input line 4409.
Package hyperref Info: Option `colorlinks' set `true' on input line 4409.
Package hyperref Info: Option `breaklinks' set `true' on input line 4409.


Package hyperref Warning: XeTeX driver only supports unicode.
(hyperref)                Enabling option `unicode'.

Package hyperref Info: Option `unicode' set `true' on input line 4409.
("C:\Program Files\MiKTeX 2.9\tex/latex/hyperref\puenc.def"
File: puenc.def 2019/11/10 v7.00c Hyperref: PDF Unicode definition (HO)
)
Package hyperref Info: Hyper figures OFF on input line 4535.
Package hyperref Info: Link nesting OFF on input line 4540.
Package hyperref Info: Hyper index ON on input line 4543.
Package hyperref Info: Plain pages OFF on input line 4550.
Package hyperref Info: Backreferencing OFF on input line 4555.
Package hyperref Info: Implicit mode ON; LaTeX internals redefined.
Package hyperref Info: Bookmarks ON on input line 4788.
\c@Hy@tempcnt=\count198

("C:\Program Files\MiKTeX 2.9\tex/latex/url\url.sty"
\Urlmuskip=\muskip16
Package: url 2013/09/16  ver 3.4  Verb mode for urls, etc.
)
LaTeX Info: Redefining \url on input line 5147.
\XeTeXLinkMargin=\dimen153

("C:\Program Files\MiKTeX 2.9\tex/generic/oberdiek\bitset.sty"
Package: bitset 2016/05/16 v1.2 Handle bit-vector datatype (HO)

("C:\Program Files\MiKTeX 2.9\tex/generic/oberdiek\bigintcalc.sty"
Package: bigintcalc 2016/05/16 v1.4 Expandable calculations on big integers (HO
)
))
\Fld@menulength=\count199
\Field@Width=\dimen154
\Fld@charsize=\dimen155
Package hyperref Info: Hyper figures OFF on input line 6418.
Package hyperref Info: Link nesting OFF on input line 6423.
Package hyperref Info: Hyper index ON on input line 6426.
Package hyperref Info: backreferencing OFF on input line 6433.
Package hyperref Info: Link coloring ON on input line 6436.
Package hyperref Info: Link coloring with OCG OFF on input line 6443.
Package hyperref Info: PDF/A mode OFF on input line 6448.
LaTeX Info: Redefining \ref on input line 6488.
LaTeX Info: Redefining \pageref on input line 6492.

("C:\Program Files\MiKTeX 2.9\tex/generic/oberdiek\atbegshi.sty"
Package: atbegshi 2016/06/09 v1.18 At begin shipout hook (HO)
)
\Hy@abspage=\count266
\c@Item=\count267
\c@Hfootnote=\count268
)
Package hyperref Info: Driver (autodetected): hxetex.

("C:\Program Files\MiKTeX 2.9\tex/latex/hyperref\hxetex.def"
File: hxetex.def 2019/11/10 v7.00c Hyperref driver for XeTeX

(C:\Users\zheng\AppData\Roaming\MiKTeX\2.9\tex/generic/stringenc\stringenc.sty
Package: stringenc 2019/11/29 v1.12 Convert strings between diff. encodings (HO
)
)
\pdfm@box=\box53
\c@Hy@AnnotLevel=\count269
\HyField@AnnotCount=\count270
\Fld@listcount=\count271
\c@bookmark@seq@number=\count272
("C:\Program Files\MiKTeX 2.9\tex/latex/oberdiek\rerunfilecheck.sty"
Package: rerunfilecheck 2016/05/16 v1.8 Rerun checks for auxiliary files (HO)

("C:\Program Files\MiKTeX 2.9\tex/latex/oberdiek\atveryend.sty"
Package: atveryend 2016/05/16 v1.9 Hooks at the very end of document (HO)
Package atveryend Info: \enddocument detected (standard20110627).
)
("C:\Program Files\MiKTeX 2.9\tex/generic/oberdiek\uniquecounter.sty"
Package: uniquecounter 2016/05/16 v1.3 Provide unlimited unique counter (HO)
)
Package uniquecounter Info: New unique counter `rerunfilecheck' on input line 2
86.
)
\Hy@SectionHShift=\skip54
)
(Miao_Cai_CV_English.aux)
\openout1 = `Miao_Cai_CV_English.aux'.

LaTeX Font Info:    Checking defaults for OML/cmm/m/it on input line 72.
LaTeX Font Info:    ... okay on input line 72.
LaTeX Font Info:    Checking defaults for T1/cmr/m/n on input line 72.
LaTeX Font Info:    ... okay on input line 72.
LaTeX Font Info:    Checking defaults for OT1/cmr/m/n on input line 72.
LaTeX Font Info:    ... okay on input line 72.
LaTeX Font Info:    Checking defaults for OMS/cmsy/m/n on input line 72.
LaTeX Font Info:    ... okay on input line 72.
LaTeX Font Info:    Checking defaults for TU/lmr/m/n on input line 72.
LaTeX Font Info:    ... okay on input line 72.
LaTeX Font Info:    Checking defaults for OMX/cmex/m/n on input line 72.
LaTeX Font Info:    ... okay on input line 72.
LaTeX Font Info:    Checking defaults for U/cmr/m/n on input line 72.
LaTeX Font Info:    ... okay on input line 72.
LaTeX Font Info:    Checking defaults for T3/cmr/m/n on input line 72.
LaTeX Font Info:    Trying to load font information for T3+cmr on input line 72
.

(C:\Users\zheng\AppData\Roaming\MiKTeX\2.9\tex/latex/tipa\t3cmr.fd
File: t3cmr.fd 2001/12/31 TIPA font definitions
)
LaTeX Font Info:    ... okay on input line 72.
LaTeX Font Info:    Checking defaults for PD1/pdf/m/n on input line 72.
LaTeX Font Info:    ... okay on input line 72.
LaTeX Font Info:    Checking defaults for PU/pdf/m/n on input line 72.
LaTeX Font Info:    ... okay on input line 72.

Package fontspec Info: Adjusting the maths setup (use [no-math] to avoid
(fontspec)             this).

\symlegacymaths=\mathgroup4
LaTeX Font Info:    Overwriting symbol font `legacymaths' in version `bold'
(Font)                  OT1/cmr/m/n --> OT1/cmr/bx/n on input line 72.
LaTeX Font Info:    Redeclaring math accent \acute on input line 72.
LaTeX Font Info:    Redeclaring math accent \grave on input line 72.
LaTeX Font Info:    Redeclaring math accent \ddot on input line 72.
LaTeX Font Info:    Redeclaring math accent \tilde on input line 72.
LaTeX Font Info:    Redeclaring math accent \bar on input line 72.
LaTeX Font Info:    Redeclaring math accent \breve on input line 72.
LaTeX Font Info:    Redeclaring math accent \check on input line 72.
LaTeX Font Info:    Redeclaring math accent \hat on input line 72.
LaTeX Font Info:    Redeclaring math accent \dot on input line 72.
LaTeX Font Info:    Redeclaring math accent \mathring on input line 72.
LaTeX Font Info:    Redeclaring math symbol \colon on input line 72.
LaTeX Font Info:    Redeclaring math symbol \Gamma on input line 72.
LaTeX Font Info:    Redeclaring math symbol \Delta on input line 72.
LaTeX Font Info:    Redeclaring math symbol \Theta on input line 72.
LaTeX Font Info:    Redeclaring math symbol \Lambda on input line 72.
LaTeX Font Info:    Redeclaring math symbol \Xi on input line 72.
LaTeX Font Info:    Redeclaring math symbol \Pi on input line 72.
LaTeX Font Info:    Redeclaring math symbol \Sigma on input line 72.
LaTeX Font Info:    Redeclaring math symbol \Upsilon on input line 72.
LaTeX Font Info:    Redeclaring math symbol \Phi on input line 72.
LaTeX Font Info:    Redeclaring math symbol \Psi on input line 72.
LaTeX Font Info:    Redeclaring math symbol \Omega on input line 72.
LaTeX Font Info:    Redeclaring math symbol \mathdollar on input line 72.
LaTeX Font Info:    Redeclaring symbol font `operators' on input line 72.
LaTeX Font Info:    Encoding `OT1' has changed to `TU' for symbol font
(Font)              `operators' in the math version `normal' on input line 72.
LaTeX Font Info:    Overwriting symbol font `operators' in version `normal'
(Font)                  OT1/cmr/m/n --> TU/LinLibertine_R.otf(0)/m/n on input l
ine 72.
LaTeX Font Info:    Encoding `OT1' has changed to `TU' for symbol font
(Font)              `operators' in the math version `bold' on input line 72.
LaTeX Font Info:    Overwriting symbol font `operators' in version `bold'
(Font)                  OT1/cmr/bx/n --> TU/LinLibertine_R.otf(0)/m/n on input 
line 72.
LaTeX Font Info:    Overwriting symbol font `operators' in version `normal'
(Font)                  TU/LinLibertine_R.otf(0)/m/n --> TU/LinLibertine_R.otf(
0)/m/n on input line 72.
LaTeX Font Info:    Overwriting math alphabet `\mathit' in version `normal'
(Font)                  OT1/cmr/m/it --> TU/LinLibertine_R.otf(0)/m/it on input
 line 72.
LaTeX Font Info:    Overwriting math alphabet `\mathbf' in version `normal'
(Font)                  OT1/cmr/bx/n --> TU/LinLibertine_R.otf(0)/bx/n on input
 line 72.
LaTeX Font Info:    Overwriting math alphabet `\mathsf' in version `normal'
(Font)                  OT1/cmss/m/n --> TU/lmss/m/n on input line 72.
LaTeX Font Info:    Overwriting math alphabet `\mathtt' in version `normal'
(Font)                  OT1/cmtt/m/n --> TU/DejaVuSansMono.ttf(0)/m/n on input 
line 72.
LaTeX Font Info:    Overwriting symbol font `operators' in version `bold'
(Font)                  TU/LinLibertine_R.otf(0)/m/n --> TU/LinLibertine_R.otf(
0)/bx/n on input line 72.
LaTeX Font Info:    Overwriting math alphabet `\mathit' in version `bold'
(Font)                  OT1/cmr/bx/it --> TU/LinLibertine_R.otf(0)/bx/it on inp
ut line 72.
LaTeX Font Info:    Overwriting math alphabet `\mathsf' in version `bold'
(Font)                  OT1/cmss/bx/n --> TU/lmss/bx/n on input line 72.
LaTeX Font Info:    Overwriting math alphabet `\mathtt' in version `bold'
(Font)                  OT1/cmtt/m/n --> TU/DejaVuSansMono.ttf(0)/bx/n on input
 line 72.

*geometry* detected driver: pdftex
*geometry* verbose mode - [ preamble ] result:
* driver: pdftex
* paper: a4paper
* layout: <same size as paper>
* layoutoffset:(h,v)=(0.0pt,0.0pt)
* modes: 
* h-part:(L,W,R)=(85.35826pt, 455.24411pt, 56.9055pt)
* v-part:(T,H,B)=(62.59605pt, 719.85474pt, 62.59605pt)
* \paperwidth=597.50787pt
* \paperheight=845.04684pt
* \textwidth=455.24411pt
* \textheight=719.85474pt
* \oddsidemargin=13.08827pt
* \evensidemargin=13.08827pt
* \topmargin=-46.67393pt
* \headheight=12.0pt
* \headsep=25.0pt
* \topskip=11.0pt
* \footskip=30.0pt
* \marginparwidth=50.0pt
* \marginparsep=0.0pt
* \columnsep=10.0pt
* \skip\footins=10.0pt plus 4.0pt minus 2.0pt
* \hoffset=0.0pt
* \voffset=0.0pt
* \mag=1000
* \@twocolumnfalse
* \@twosidefalse
* \@mparswitchfalse
* \@reversemargintrue
* (1in=72.27pt=25.4mm, 1cm=28.453pt)

\AtBeginShipoutBox=\box54
Package hyperref Info: Link coloring ON on input line 72.
("C:\Program Files\MiKTeX 2.9\tex/latex/hyperref\nameref.sty"
Package: nameref 2019/09/16 v2.46 Cross-referencing by name of section

("C:\Program Files\MiKTeX 2.9\tex/latex/oberdiek\refcount.sty"
Package: refcount 2016/05/16 v3.5 Data extraction from label references (HO)
)
("C:\Program Files\MiKTeX 2.9\tex/generic/oberdiek\gettitlestring.sty"
Package: gettitlestring 2016/05/16 v1.5 Cleanup title references (HO)
)
\c@section@level=\count273
)
LaTeX Info: Redefining \ref on input line 72.
LaTeX Info: Redefining \pageref on input line 72.
LaTeX Info: Redefining \nameref on input line 72.

(Miao_Cai_CV_English.out) (Miao_Cai_CV_English.out)
\@outlinefile=\write3
\openout3 = `Miao_Cai_CV_English.out'.

Package marginnote Info: Margin note 1.1 is on absolute page 1 on input line 97
.
Package marginnote Info: right page because not two side mode on input line 97.

Package marginnote Info: xpos seems to be 85.35826pt on input line 97.
Package marginnote Info: Margin note 1.2 is on absolute page 1 on input line 98
.
Package marginnote Info: right page because not two side mode on input line 98.

Package marginnote Info: xpos seems to be 85.35826pt on input line 98.
Package marginnote Info: Margin note 1.3 is on absolute page 1 on input line 99
.
Package marginnote Info: right page because not two side mode on input line 99.

Package marginnote Info: xpos seems to be 85.35826pt on input line 99.
Package marginnote Info: Margin note 1.4 is on absolute page 1 on input line 10
4.
Package marginnote Info: right page because not two side mode on input line 104
.
Package marginnote Info: xpos seems to be 85.35826pt on input line 104.
Package marginnote Info: Margin note 1.5 is on absolute page 1 on input line 10
5.
Package marginnote Info: right page because not two side mode on input line 105
.
Package marginnote Info: xpos seems to be 85.35826pt on input line 105.
Package marginnote Info: Margin note 1.6 is on absolute page 1 on input line 10
6.
Package marginnote Info: right page because not two side mode on input line 106
.
Package marginnote Info: xpos seems to be 85.35826pt on input line 106.
Package marginnote Info: Margin note 1.7 is on absolute page 1 on input line 10
7.
Package marginnote Info: right page because not two side mode on input line 107
.
Package marginnote Info: xpos seems to be 85.35826pt on input line 107.
Package marginnote Info: Margin note 1.8 is on absolute page 1 on input line 11
3.
Package marginnote Info: right page because not two side mode on input line 113
.
Package marginnote Info: xpos seems to be 85.35826pt on input line 113.
LaTeX Font Info:    Font shape `TU/DejaVuSansMono.ttf(0)/m/n' will be
(Font)              scaled to size 8.76003pt on input line 113.
LaTeX Font Info:    External font `cmex10' loaded for size
(Font)              <10.95> on input line 113.
LaTeX Font Info:    External font `cmex10' loaded for size
(Font)              <8> on input line 113.
LaTeX Font Info:    External font `cmex10' loaded for size
(Font)              <6> on input line 113.
Package marginnote Info: Margin note 1.9 is on absolute page 1 on input line 11
4.
Package marginnote Info: right page because not two side mode on input line 114
.
Package marginnote Info: xpos seems to be 85.35826pt on input line 114.
Package marginnote Info: Margin note 1.10 is on absolute page 1 on input line 1
15.
Package marginnote Info: right page because not two side mode on input line 115
.
Package marginnote Info: xpos seems to be 85.35826pt on input line 115.
Package marginnote Info: Margin note 1.11 is on absolute page 1 on input line 1
16.
Package marginnote Info: right page because not two side mode on input line 116
.
Package marginnote Info: xpos seems to be 85.35826pt on input line 116.
Package marginnote Info: Margin note 1.12 is on absolute page 1 on input line 1
17.
Package marginnote Info: right page because not two side mode on input line 117
.
Package marginnote Info: xpos seems to be 85.35826pt on input line 117.
Package marginnote Info: Margin note 1.13 is on absolute page 1 on input line 1
18.
Package marginnote Info: right page because not two side mode on input line 118
.
Package marginnote Info: xpos seems to be 85.35826pt on input line 118.
Package marginnote Info: Margin note 1.14 is on absolute page 1 on input line 1
19.
Package marginnote Info: right page because not two side mode on input line 119
.
Package marginnote Info: xpos seems to be 85.35826pt on input line 119.
Package marginnote Info: Margin note 1.15 is on absolute page 1 on input line 1
20.
Package marginnote Info: right page because not two side mode on input line 120
.
Package marginnote Info: xpos seems to be 85.35826pt on input line 120.
Package marginnote Info: Margin note 1.16 is on absolute page 1 on input line 1
21.
Package marginnote Info: right page because not two side mode on input line 121
.
LaTeX Font Info:    External font `cmex10' loaded for size
(Font)              <5> on input line 121.
Package marginnote Info: xpos seems to be 85.35826pt on input line 121.
 [1

]
Package marginnote Info: Margin note 2.1 is on absolute page 2 on input line 12
8.
Package marginnote Info: right page because not two side mode on input line 128
.
Package marginnote Info: xpos seems to be 85.35826pt on input line 128.
Package marginnote Info: Margin note 2.2 is on absolute page 2 on input line 12
9.
Package marginnote Info: right page because not two side mode on input line 129
.
Package marginnote Info: xpos seems to be 85.35826pt on input line 129.
Package marginnote Info: Margin note 2.3 is on absolute page 2 on input line 13
0.
Package marginnote Info: right page because not two side mode on input line 130
.
Package marginnote Info: xpos seems to be 85.35826pt on input line 130.
Package marginnote Info: Margin note 2.4 is on absolute page 2 on input line 13
1.
Package marginnote Info: right page because not two side mode on input line 131
.
Package marginnote Info: xpos seems to be 85.35826pt on input line 131.
Package marginnote Info: Margin note 2.5 is on absolute page 2 on input line 13
2.
Package marginnote Info: right page because not two side mode on input line 132
.
Package marginnote Info: xpos seems to be 85.35826pt on input line 132.
Package marginnote Info: Margin note 2.6 is on absolute page 2 on input line 13
7.
Package marginnote Info: right page because not two side mode on input line 137
.
Package marginnote Info: xpos seems to be 85.35826pt on input line 137.
Package marginnote Info: Margin note 2.7 is on absolute page 2 on input line 13
8.
Package marginnote Info: right page because not two side mode on input line 138
.
Package marginnote Info: xpos seems to be 85.35826pt on input line 138.
Package marginnote Info: Margin note 2.8 is on absolute page 2 on input line 13
9.
Package marginnote Info: right page because not two side mode on input line 139
.
Package marginnote Info: xpos seems to be 85.35826pt on input line 139.
Package marginnote Info: Margin note 2.9 is on absolute page 2 on input line 14
0.
Package marginnote Info: right page because not two side mode on input line 140
.
Package marginnote Info: xpos seems to be 85.35826pt on input line 140.
Package marginnote Info: Margin note 2.10 is on absolute page 2 on input line 1
41.
Package marginnote Info: right page because not two side mode on input line 141
.
Package marginnote Info: xpos seems to be 85.35826pt on input line 141.
Package marginnote Info: Margin note 2.11 is on absolute page 2 on input line 1
42.
Package marginnote Info: right page because not two side mode on input line 142
.
Package marginnote Info: xpos seems to be 85.35826pt on input line 142.
Package marginnote Info: Margin note 2.12 is on absolute page 2 on input line 1
43.
Package marginnote Info: right page because not two side mode on input line 143
.
Package marginnote Info: xpos seems to be 85.35826pt on input line 143.
Package marginnote Info: Margin note 2.13 is on absolute page 2 on input line 1
44.
Package marginnote Info: right page because not two side mode on input line 144
.
Package marginnote Info: xpos seems to be 85.35826pt on input line 144.
Package marginnote Info: Margin note 2.14 is on absolute page 2 on input line 1
45.
Package marginnote Info: right page because not two side mode on input line 145
.
Package marginnote Info: xpos seems to be 85.35826pt on input line 145.

Underfull \hbox (badness 10000) in paragraph at lines 136--146

 []

Package marginnote Info: Margin note 2.15 is on absolute page 2 on input line 1
48.
Package marginnote Info: right page because not two side mode on input line 148
.
Package marginnote Info: xpos seems to be 85.35826pt on input line 148.
Package marginnote Info: Margin note 2.16 is on absolute page 2 on input line 1
49.
Package marginnote Info: right page because not two side mode on input line 149
.
Package marginnote Info: xpos seems to be 85.35826pt on input line 149.
Package marginnote Info: Margin note 2.17 is on absolute page 2 on input line 1
50.
Package marginnote Info: right page because not two side mode on input line 150
.
Package marginnote Info: xpos seems to be 85.35826pt on input line 150.
Package marginnote Info: Margin note 2.18 is on absolute page 2 on input line 1
54.
Package marginnote Info: right page because not two side mode on input line 154
.
Package marginnote Info: xpos seems to be 85.35826pt on input line 154.
Package marginnote Info: Margin note 2.19 is on absolute page 2 on input line 1
55.
Package marginnote Info: right page because not two side mode on input line 155
.
Package marginnote Info: xpos seems to be 85.35826pt on input line 155.
Package marginnote Info: Margin note 2.20 is on absolute page 2 on input line 1
56.
Package marginnote Info: right page because not two side mode on input line 156
.
Package marginnote Info: xpos seems to be 85.35826pt on input line 156.
Package marginnote Info: Margin note 2.21 is on absolute page 2 on input line 1
57.
Package marginnote Info: right page because not two side mode on input line 157
.
Package marginnote Info: xpos seems to be 85.35826pt on input line 157.
Package marginnote Info: Margin note 2.22 is on absolute page 2 on input line 1
63.
Package marginnote Info: right page because not two side mode on input line 163
.
Package marginnote Info: xpos seems to be 85.35826pt on input line 163.
Package marginnote Info: Margin note 2.23 is on absolute page 2 on input line 1
64.
Package marginnote Info: right page because not two side mode on input line 164
.
Package marginnote Info: xpos seems to be 85.35826pt on input line 164.
Package marginnote Info: Margin note 2.24 is on absolute page 2 on input line 1
65.
Package marginnote Info: right page because not two side mode on input line 165
.
Package marginnote Info: xpos seems to be 85.35826pt on input line 165.
Package marginnote Info: Margin note 2.25 is on absolute page 2 on input line 1
66.
Package marginnote Info: right page because not two side mode on input line 166
.
Package marginnote Info: xpos seems to be 85.35826pt on input line 166.
Package marginnote Info: Margin note 2.26 is on absolute page 3 on input line 1
67.
Package marginnote Info: right page because not two side mode on input line 167
.
Package marginnote Info: xpos seems to be 85.35826pt on input line 167.
Package marginnote Info: Margin note 2.27 is on absolute page 3 on input line 1
68.
Package marginnote Info: right page because not two side mode on input line 168
.
Package marginnote Info: xpos seems to be 85.35826pt on input line 168.
[2

]
Package marginnote Info: Margin note 3.1 is on absolute page 3 on input line 17
3.
Package marginnote Info: right page because not two side mode on input line 173
.
Package marginnote Info: xpos seems to be 85.35826pt on input line 173.
Package marginnote Info: Margin note 3.2 is on absolute page 3 on input line 17
4.
Package marginnote Info: right page because not two side mode on input line 174
.
Package marginnote Info: xpos seems to be 85.35826pt on input line 174.
Package marginnote Info: Margin note 3.3 is on absolute page 3 on input line 17
5.
Package marginnote Info: right page because not two side mode on input line 175
.
Package marginnote Info: xpos seems to be 85.35826pt on input line 175.
Package marginnote Info: Margin note 3.4 is on absolute page 3 on input line 17
6.
Package marginnote Info: right page because not two side mode on input line 176
.
Package marginnote Info: xpos seems to be 85.35826pt on input line 176.
Package marginnote Info: Margin note 3.5 is on absolute page 3 on input line 17
7.
Package marginnote Info: right page because not two side mode on input line 177
.
Package marginnote Info: xpos seems to be 85.35826pt on input line 177.
Package marginnote Info: Margin note 3.6 is on absolute page 3 on input line 17
8.
Package marginnote Info: right page because not two side mode on input line 178
.
Package marginnote Info: xpos seems to be 85.35826pt on input line 178.
Package marginnote Info: Margin note 3.7 is on absolute page 3 on input line 17
9.
Package marginnote Info: right page because not two side mode on input line 179
.
Package marginnote Info: xpos seems to be 85.35826pt on input line 179.
Package marginnote Info: Margin note 3.8 is on absolute page 3 on input line 18
0.
Package marginnote Info: right page because not two side mode on input line 180
.
Package marginnote Info: xpos seems to be 85.35826pt on input line 180.
Package marginnote Info: Margin note 3.9 is on absolute page 3 on input line 18
1.
Package marginnote Info: right page because not two side mode on input line 181
.
Package marginnote Info: xpos seems to be 85.35826pt on input line 181.
Package marginnote Info: Margin note 3.10 is on absolute page 3 on input line 1
82.
Package marginnote Info: right page because not two side mode on input line 182
.
Package marginnote Info: xpos seems to be 85.35826pt on input line 182.
Package marginnote Info: Margin note 3.11 is on absolute page 3 on input line 1
83.
Package marginnote Info: right page because not two side mode on input line 183
.
Package marginnote Info: xpos seems to be 85.35826pt on input line 183.
Package marginnote Info: Margin note 3.12 is on absolute page 3 on input line 1
84.
Package marginnote Info: right page because not two side mode on input line 184
.
Package marginnote Info: xpos seems to be 85.35826pt on input line 184.
Package marginnote Info: Margin note 3.13 is on absolute page 3 on input line 1
85.
Package marginnote Info: right page because not two side mode on input line 185
.
Package marginnote Info: xpos seems to be 85.35826pt on input line 185.
Package marginnote Info: Margin note 3.14 is on absolute page 4 on input line 1
86.
Package marginnote Info: right page because not two side mode on input line 186
.
Package marginnote Info: xpos seems to be 85.35826pt on input line 186.
Package marginnote Info: Margin note 3.15 is on absolute page 4 on input line 1
87.
Package marginnote Info: right page because not two side mode on input line 187
.
Package marginnote Info: xpos seems to be 85.35826pt on input line 187.
Package marginnote Info: Margin note 3.16 is on absolute page 4 on input line 1
88.
Package marginnote Info: right page because not two side mode on input line 188
.
Package marginnote Info: xpos seems to be 85.35826pt on input line 188.

Overfull \hbox (3.10347pt too wide) in paragraph at lines 172--189
\TU/LinLibertine_R.otf(0)/m/n/10.95 lytic Applications in Road Traffic Safety. 
Part 2: Prescriptive Modeling”, \TU/LinLibertine_R.otf(0)/m/it/10.95 Sensors\TU
/LinLibertine_R.otf(0)/m/n/10.95 , DOI: [][]10.3390/s20041096[][]. 
 []


Overfull \hbox (11.23479pt too wide) in paragraph at lines 172--189
\TU/LinLibertine_R.otf(0)/m/n/10.95 nese county hospitals: an exploratory study
 in Henan province, China”, \TU/LinLibertine_R.otf(0)/m/it/10.95 BMJ Open\TU/Li
nLibertine_R.otf(0)/m/n/10.95 . DOI: [][]10.1136/bmjopen-
 []

[3]
Package marginnote Info: Margin note 4.1 is on absolute page 4 on input line 19
2.
Package marginnote Info: right page because not two side mode on input line 192
.
Package marginnote Info: xpos seems to be 85.35826pt on input line 192.
Package marginnote Info: Margin note 4.2 is on absolute page 4 on input line 19
6.
Package marginnote Info: right page because not two side mode on input line 196
.
Package marginnote Info: xpos seems to be 85.35826pt on input line 196.
Package marginnote Info: Margin note 4.3 is on absolute page 4 on input line 19
7.
Package marginnote Info: right page because not two side mode on input line 197
.
Package marginnote Info: xpos seems to be 85.35826pt on input line 197.
Package marginnote Info: Margin note 4.4 is on absolute page 4 on input line 19
8.
Package marginnote Info: right page because not two side mode on input line 198
.
Package marginnote Info: xpos seems to be 85.35826pt on input line 198.
Package marginnote Info: Margin note 4.5 is on absolute page 4 on input line 19
9.
Package marginnote Info: right page because not two side mode on input line 199
.
Package marginnote Info: xpos seems to be 85.35826pt on input line 199.
Package marginnote Info: Margin note 4.6 is on absolute page 4 on input line 20
0.
Package marginnote Info: right page because not two side mode on input line 200
.
Package marginnote Info: xpos seems to be 85.35826pt on input line 200.
Package marginnote Info: Margin note 4.7 is on absolute page 4 on input line 20
4.
Package marginnote Info: right page because not two side mode on input line 204
.
Package marginnote Info: xpos seems to be 85.35826pt on input line 204.
Package marginnote Info: Margin note 4.8 is on absolute page 4 on input line 20
5.
Package marginnote Info: right page because not two side mode on input line 205
.
Package marginnote Info: xpos seems to be 85.35826pt on input line 205.
Package marginnote Info: Margin note 4.9 is on absolute page 4 on input line 20
9.
Package marginnote Info: right page because not two side mode on input line 209
.
Package marginnote Info: xpos seems to be 85.35826pt on input line 209.
Package marginnote Info: Margin note 4.10 is on absolute page 5 on input line 2
10.
Package marginnote Info: right page because not two side mode on input line 210
.
Package marginnote Info: xpos seems to be 85.35826pt on input line 210.
Package marginnote Info: Margin note 4.11 is on absolute page 5 on input line 2
11.
Package marginnote Info: right page because not two side mode on input line 211
.
Package marginnote Info: xpos seems to be 85.35826pt on input line 211.
Package marginnote Info: Margin note 4.12 is on absolute page 5 on input line 2
12.
Package marginnote Info: right page because not two side mode on input line 212
.
Package marginnote Info: xpos seems to be 85.35826pt on input line 212.
Package marginnote Info: Margin note 4.13 is on absolute page 5 on input line 2
13.
Package marginnote Info: right page because not two side mode on input line 213
.
Package marginnote Info: xpos seems to be 85.35826pt on input line 213.
Package marginnote Info: Margin note 4.14 is on absolute page 5 on input line 2
14.
Package marginnote Info: right page because not two side mode on input line 214
.
Package marginnote Info: xpos seems to be 85.35826pt on input line 214.
Package marginnote Info: Margin note 4.15 is on absolute page 5 on input line 2
15.
Package marginnote Info: right page because not two side mode on input line 215
.
Package marginnote Info: xpos seems to be 85.35826pt on input line 215.
Package marginnote Info: Margin note 4.16 is on absolute page 5 on input line 2
16.
Package marginnote Info: right page because not two side mode on input line 216
.
Package marginnote Info: xpos seems to be 85.35826pt on input line 216.
Package marginnote Info: Margin note 4.17 is on absolute page 5 on input line 2
17.
Package marginnote Info: right page because not two side mode on input line 217
.
Package marginnote Info: xpos seems to be 85.35826pt on input line 217.
Package marginnote Info: Margin note 4.18 is on absolute page 5 on input line 2
18.
Package marginnote Info: right page because not two side mode on input line 218
.
Package marginnote Info: xpos seems to be 85.35826pt on input line 218.
Package marginnote Info: Margin note 4.19 is on absolute page 5 on input line 2
19.
Package marginnote Info: right page because not two side mode on input line 219
.
Package marginnote Info: xpos seems to be 85.35826pt on input line 219.
Package marginnote Info: Margin note 4.20 is on absolute page 5 on input line 2
20.
Package marginnote Info: right page because not two side mode on input line 220
.
Package marginnote Info: xpos seems to be 85.35826pt on input line 220.
Package marginnote Info: Margin note 4.21 is on absolute page 5 on input line 2
21.
Package marginnote Info: right page because not two side mode on input line 221
.
Package marginnote Info: xpos seems to be 85.35826pt on input line 221.
Package marginnote Info: Margin note 4.22 is on absolute page 5 on input line 2
22.
Package marginnote Info: right page because not two side mode on input line 222
.
Package marginnote Info: xpos seems to be 85.35826pt on input line 222.
 [4]
Package marginnote Info: Margin note 5.1 is on absolute page 5 on input line 22
6.
Package marginnote Info: right page because not two side mode on input line 226
.
Package marginnote Info: xpos seems to be 85.35826pt on input line 226.
Package marginnote Info: Margin note 5.2 is on absolute page 5 on input line 22
7.
Package marginnote Info: right page because not two side mode on input line 227
.
Package marginnote Info: xpos seems to be 85.35826pt on input line 227.
Package marginnote Info: Margin note 5.3 is on absolute page 5 on input line 22
8.
Package marginnote Info: right page because not two side mode on input line 228
.
Package marginnote Info: xpos seems to be 85.35826pt on input line 228.
Package marginnote Info: Margin note 5.4 is on absolute page 6 on input line 23
3.
Package marginnote Info: right page because not two side mode on input line 233
.
Package marginnote Info: xpos seems to be 85.35826pt on input line 233.
 [5]
Package marginnote Info: Margin note 6.1 is on absolute page 6 on input line 23
4.
Package marginnote Info: right page because not two side mode on input line 234
.
Package marginnote Info: xpos seems to be 85.35826pt on input line 234.
Package marginnote Info: Margin note 6.2 is on absolute page 6 on input line 23
7.
Package marginnote Info: right page because not two side mode on input line 237
.
Package marginnote Info: xpos seems to be 85.35826pt on input line 237.
Package atveryend Info: Empty hook `BeforeClearDocument' on input line 258.
 [6]
Package atveryend Info: Empty hook `AfterLastShipout' on input line 258.
 (Miao_Cai_CV_English.aux)
Package atveryend Info: Empty hook `AtVeryEndDocument' on input line 258.
Package atveryend Info: Executing hook `AtEndAfterFileList' on input line 258.
Package rerunfilecheck Info: File `Miao_Cai_CV_English.out' has not changed.
(rerunfilecheck)             Checksum: D41D8CD98F00B204E9800998ECF8427E;0.
Package atveryend Info: Empty hook `AtVeryVeryEnd' on input line 258.
 ) 
Here is how much of TeX's memory you used:
 24639 strings out of 427272
 456222 string characters out of 3146574
 573281 words of memory out of 3000000
 28947 multiletter control sequences out of 15000+200000
 536370 words of font info for 60 fonts, out of 3000000 for 9000
 1348 hyphenation exceptions out of 8191
 52i,11n,97p,562b,429s stack positions out of 5000i,500n,10000p,200000b,50000s

Output written on Miao_Cai_CV_English.pdf (6 pages).
