This is XeTeX, Version 3.14159265-2.6-0.99999 (TeX Live 2018) (preloaded format=xelatex 2018.4.16)  25 JUN 2020 20:30
entering extended mode
 restricted \write18 enabled.
 file:line:error style messages enabled.
 %&-line parsing enabled.
**Miao_Cai_CV_English.tex
(./Miao_Cai_CV_English.tex
LaTeX2e <2018-04-01> patch level 2
Babel <3.18> and hyphenation patterns for 84 language(s) loaded.
(/usr/local/texlive/2018/texmf-dist/tex/latex/base/article.cls
Document Class: article 2014/09/29 v1.4h Standard LaTeX document class
(/usr/local/texlive/2018/texmf-dist/tex/latex/base/size11.clo
File: size11.clo 2014/09/29 v1.4h Standard LaTeX file (size option)
)
\c@part=\count80
\c@section=\count81
\c@subsection=\count82
\c@subsubsection=\count83
\c@paragraph=\count84
\c@subparagraph=\count85
\c@figure=\count86
\c@table=\count87
\abovecaptionskip=\skip41
\belowcaptionskip=\skip42
\bibindent=\dimen102
) (/usr/local/texlive/2018/texmf-dist/tex/latex/fontspec/fontspec.sty (/usr/local/texlive/2018/texmf-dist/tex/latex/l3packages/xparse/xparse.sty (/usr/local/texlive/2018/texmf-dist/tex/latex/l3kernel/expl3.sty
Package: expl3 2018/03/05 L3 programming layer (loader) 
 (/usr/local/texlive/2018/texmf-dist/tex/latex/l3kernel/expl3-code.tex
Package: expl3 2018/03/05 L3 programming layer (code)
\c_max_int=\count88
\l_tmpa_int=\count89
\l_tmpb_int=\count90
\g_tmpa_int=\count91
\g_tmpb_int=\count92
\g__intarray_font_int=\count93
\g__prg_map_int=\count94
\c_log_iow=\count95
\l_iow_line_count_int=\count96
\l__iow_line_target_int=\count97
\l__iow_one_indent_int=\count98
\l__iow_indent_int=\count99
\c_zero_dim=\dimen103
\c_max_dim=\dimen104
\l_tmpa_dim=\dimen105
\l_tmpb_dim=\dimen106
\g_tmpa_dim=\dimen107
\g_tmpb_dim=\dimen108
\c_zero_skip=\skip43
\c_max_skip=\skip44
\l_tmpa_skip=\skip45
\l_tmpb_skip=\skip46
\g_tmpa_skip=\skip47
\g_tmpb_skip=\skip48
\c_zero_muskip=\muskip10
\c_max_muskip=\muskip11
\l_tmpa_muskip=\muskip12
\l_tmpb_muskip=\muskip13
\g_tmpa_muskip=\muskip14
\g_tmpb_muskip=\muskip15
\l_keys_choice_int=\count100
\c__fp_leading_shift_int=\count101
\c__fp_middle_shift_int=\count102
\c__fp_trailing_shift_int=\count103
\c__fp_big_leading_shift_int=\count104
\c__fp_big_middle_shift_int=\count105
\c__fp_big_trailing_shift_int=\count106
\c__fp_Bigg_leading_shift_int=\count107
\c__fp_Bigg_middle_shift_int=\count108
\c__fp_Bigg_trailing_shift_int=\count109
\l__sort_length_int=\count110
\l__sort_min_int=\count111
\l__sort_top_int=\count112
\l__sort_max_int=\count113
\l__sort_true_max_int=\count114
\l__sort_block_int=\count115
\l__sort_begin_int=\count116
\l__sort_end_int=\count117
\l__sort_A_int=\count118
\l__sort_B_int=\count119
\l__sort_C_int=\count120
\l__tl_build_start_index_int=\count121
\l__tl_build_index_int=\count122
\l__tl_analysis_normal_int=\count123
\l__tl_analysis_index_int=\count124
\l__tl_analysis_nesting_int=\count125
\l__tl_analysis_type_int=\count126
\l__regex_internal_a_int=\count127
\l__regex_internal_b_int=\count128
\l__regex_internal_c_int=\count129
\l__regex_balance_int=\count130
\l__regex_group_level_int=\count131
\l__regex_mode_int=\count132
\c__regex_cs_in_class_mode_int=\count133
\c__regex_cs_mode_int=\count134
\l__regex_catcodes_int=\count135
\l__regex_default_catcodes_int=\count136
\c__regex_catcode_L_int=\count137
\c__regex_catcode_O_int=\count138
\c__regex_catcode_A_int=\count139
\c__regex_all_catcodes_int=\count140
\l__regex_show_lines_int=\count141
\l__regex_min_state_int=\count142
\l__regex_max_state_int=\count143
\l__regex_left_state_int=\count144
\l__regex_right_state_int=\count145
\l__regex_capturing_group_int=\count146
\l__regex_min_pos_int=\count147
\l__regex_max_pos_int=\count148
\l__regex_curr_pos_int=\count149
\l__regex_start_pos_int=\count150
\l__regex_success_pos_int=\count151
\l__regex_curr_char_int=\count152
\l__regex_curr_catcode_int=\count153
\l__regex_last_char_int=\count154
\l__regex_case_changed_char_int=\count155
\l__regex_curr_state_int=\count156
\l__regex_step_int=\count157
\l__regex_min_active_int=\count158
\l__regex_max_active_int=\count159
\l__regex_replacement_csnames_int=\count160
\l__regex_match_count_int=\count161
\l__regex_min_submatch_int=\count162
\l__regex_submatch_int=\count163
\l__regex_zeroth_submatch_int=\count164
\g__regex_trace_regex_int=\count165
\c_empty_box=\box26
\l_tmpa_box=\box27
\l_tmpb_box=\box28
\g_tmpa_box=\box29
\g_tmpb_box=\box30
\l__box_top_dim=\dimen109
\l__box_bottom_dim=\dimen110
\l__box_left_dim=\dimen111
\l__box_right_dim=\dimen112
\l__box_top_new_dim=\dimen113
\l__box_bottom_new_dim=\dimen114
\l__box_left_new_dim=\dimen115
\l__box_right_new_dim=\dimen116
\l__box_internal_box=\box31
\l__coffin_internal_box=\box32
\l__coffin_internal_dim=\dimen117
\l__coffin_offset_x_dim=\dimen118
\l__coffin_offset_y_dim=\dimen119
\l__coffin_x_dim=\dimen120
\l__coffin_y_dim=\dimen121
\l__coffin_x_prime_dim=\dimen122
\l__coffin_y_prime_dim=\dimen123
\c_empty_coffin=\box33
\l__coffin_aligned_coffin=\box34
\l__coffin_aligned_internal_coffin=\box35
\l_tmpa_coffin=\box36
\l_tmpb_coffin=\box37
\l__coffin_display_coffin=\box38
\l__coffin_display_coord_coffin=\box39
\l__coffin_display_pole_coffin=\box40
\l__coffin_display_offset_dim=\dimen124
\l__coffin_display_x_dim=\dimen125
\l__coffin_display_y_dim=\dimen126
\l__coffin_bounding_shift_dim=\dimen127
\l__coffin_left_corner_dim=\dimen128
\l__coffin_right_corner_dim=\dimen129
\l__coffin_bottom_corner_dim=\dimen130
\l__coffin_top_corner_dim=\dimen131
\l__coffin_scaled_total_height_dim=\dimen132
\l__coffin_scaled_width_dim=\dimen133
) (/usr/local/texlive/2018/texmf-dist/tex/latex/l3kernel/l3xdvipdfmx.def
File: l3xdvidpfmx.def 2017/03/18 v L3 Experimental driver: xdvipdfmx
\g__driver_image_int=\count166
))
Package: xparse 2018/02/21 L3 Experimental document command parser
\l__xparse_current_arg_int=\count167
\g__xparse_grabber_int=\count168
\l__xparse_m_args_int=\count169
\l__xparse_mandatory_args_int=\count170
\l__xparse_v_nesting_int=\count171
)
Package: fontspec 2017/11/09 v2.6g Font selection for XeLaTeX and LuaLaTeX
 (/usr/local/texlive/2018/texmf-dist/tex/latex/fontspec/fontspec-xetex.sty
Package: fontspec-xetex 2017/11/09 v2.6g Font selection for XeLaTeX and LuaLaTeX
\l__fontspec_script_int=\count172
\l__fontspec_language_int=\count173
\l__fontspec_strnum_int=\count174
\l__fontspec_tmp_int=\count175
\l__fontspec_em_int=\count176
\l__fontspec_emdef_int=\count177
\l__fontspec_strong_int=\count178
\l__fontspec_strongdef_int=\count179
\l__fontspec_tmpa_dim=\dimen134
\l__fontspec_tmpb_dim=\dimen135
\l__fontspec_tmpc_dim=\dimen136
\g__file_internal_ior=\read1
 (/usr/local/texlive/2018/texmf-dist/tex/latex/base/fontenc.sty
Package: fontenc 2017/04/05 v2.0i Standard LaTeX package
 (/usr/local/texlive/2018/texmf-dist/tex/latex/base/tuenc.def
File: tuenc.def 2017/04/05 v2.0i Standard LaTeX file
LaTeX Font Info:    Redeclaring font encoding TU on input line 82.
))
.................................................
. LaTeX info: "xparse/define-command"
. 
. Defining command \fontspec with sig. 'O{}mO{}' on line 542.
.................................................
.................................................
. LaTeX info: "xparse/define-command"
. 
. Defining command \setmainfont with sig. 'O{}mO{}' on line 546.
.................................................
.................................................
. LaTeX info: "xparse/define-command"
. 
. Defining command \setsansfont with sig. 'O{}mO{}' on line 550.
.................................................
.................................................
. LaTeX info: "xparse/define-command"
. 
. Defining command \setmonofont with sig. 'O{}mO{}' on line 554.
.................................................
.................................................
. LaTeX info: "xparse/define-command"
. 
. Defining command \setmathrm with sig. 'O{}mO{}' on line 558.
.................................................
.................................................
. LaTeX info: "xparse/define-command"
. 
. Defining command \setboldmathrm with sig. 'O{}mO{}' on line 562.
.................................................
.................................................
. LaTeX info: "xparse/define-command"
. 
. Defining command \setmathsf with sig. 'O{}mO{}' on line 566.
.................................................
.................................................
. LaTeX info: "xparse/define-command"
. 
. Defining command \setmathtt with sig. 'O{}mO{}' on line 570.
.................................................
.................................................
. LaTeX info: "xparse/define-command"
. 
. Defining command \setromanfont with sig. 'O{}mO{}' on line 574.
.................................................
.................................................
. LaTeX info: "xparse/define-command"
. 
. Defining command \newfontfamily with sig. 'mO{}mO{}' on line 578.
.................................................
.................................................
. LaTeX info: "xparse/define-command"
. 
. Defining command \newfontface with sig. 'mO{}mO{}' on line 582.
.................................................
.................................................
. LaTeX info: "xparse/define-command"
. 
. Defining command \defaultfontfeatures with sig. 't+om' on line 586.
.................................................
.................................................
. LaTeX info: "xparse/define-command"
. 
. Defining command \addfontfeatures with sig. 'm' on line 590.
.................................................
.................................................
. LaTeX info: "xparse/define-command"
. 
. Defining command \addfontfeature with sig. 'm' on line 594.
.................................................
.................................................
. LaTeX info: "xparse/define-command"
. 
. Defining command \newfontfeature with sig. 'mm' on line 598.
.................................................
.................................................
. LaTeX info: "xparse/define-command"
. 
. Defining command \newAATfeature with sig. 'mmmm' on line 602.
.................................................
.................................................
. LaTeX info: "xparse/define-command"
. 
. Defining command \newopentypefeature with sig. 'mmm' on line 606.
.................................................
.................................................
. LaTeX info: "xparse/define-command"
. 
. Defining command \newICUfeature with sig. 'mmm' on line 610.
.................................................
.................................................
. LaTeX info: "xparse/define-command"
. 
. Defining command \aliasfontfeature with sig. 'mm' on line 614.
.................................................
.................................................
. LaTeX info: "xparse/define-command"
. 
. Defining command \aliasfontfeatureoption with sig. 'mmm' on line 618.
.................................................
.................................................
. LaTeX info: "xparse/define-command"
. 
. Defining command \newfontscript with sig. 'mm' on line 622.
.................................................
.................................................
. LaTeX info: "xparse/define-command"
. 
. Defining command \newfontlanguage with sig. 'mm' on line 626.
.................................................
.................................................
. LaTeX info: "xparse/define-command"
. 
. Defining command \DeclareFontsExtensions with sig. 'm' on line 630.
.................................................
.................................................
. LaTeX info: "xparse/define-command"
. 
. Defining command \IfFontFeatureActiveTF with sig. 'mmm' on line 634.
.................................................
.................................................
. LaTeX info: "xparse/define-command"
. 
. Defining command \EncodingCommand with sig. 'mO{}m' on line 3632.
.................................................
.................................................
. LaTeX info: "xparse/define-command"
. 
. Defining command \EncodingAccent with sig. 'mm' on line 3638.
.................................................
.................................................
. LaTeX info: "xparse/define-command"
. 
. Defining command \EncodingSymbol with sig. 'mm' on line 3644.
.................................................
.................................................
. LaTeX info: "xparse/define-command"
. 
. Defining command \EncodingComposite with sig. 'mmm' on line 3650.
.................................................
.................................................
. LaTeX info: "xparse/define-command"
. 
. Defining command \EncodingCompositeCommand with sig. 'mmm' on line 3656.
.................................................
.................................................
. LaTeX info: "xparse/define-command"
. 
. Defining command \DeclareUnicodeEncoding with sig. 'mm' on line 3681.
.................................................
.................................................
. LaTeX info: "xparse/define-command"
. 
. Defining command \UndeclareSymbol with sig. 'm' on line 3687.
.................................................
.................................................
. LaTeX info: "xparse/define-command"
. 
. Defining command \UndeclareAccent with sig. 'm' on line 3693.
.................................................
.................................................
. LaTeX info: "xparse/define-command"
. 
. Defining command \UndeclareCommand with sig. 'm' on line 3699.
.................................................
.................................................
. LaTeX info: "xparse/define-command"
. 
. Defining command \UndeclareComposite with sig. 'mm' on line 3706.
.................................................
 (/usr/local/texlive/2018/texmf-dist/tex/latex/fontspec/fontspec.cfg)
LaTeX Info: Redefining \itshape on input line 3891.
LaTeX Info: Redefining \slshape on input line 3896.
LaTeX Info: Redefining \scshape on input line 3901.
LaTeX Info: Redefining \upshape on input line 3906.
LaTeX Info: Redefining \em on input line 3936.
LaTeX Info: Redefining \emph on input line 3961.
LaTeX Info: Redefining \- on input line 4015.
.................................................
. LaTeX info: "xparse/redefine-command"
. 
. Redefining command \oldstylenums with sig. 'm' on line 4110.
.................................................
.................................................
. LaTeX info: "xparse/define-command"
. 
. Defining command \liningnums with sig. 'm' on line 4114.
.................................................
)) (/usr/local/texlive/2018/texmf-dist/tex/latex/epigraph/epigraph.sty
Package: epigraph 2009/09/02 v1.5c typesetting epigraphs
\beforeepigraphskip=\skip49
\afterepigraphskip=\skip50
\epigraphwidth=\skip51
\epigraphrule=\skip52
) (/usr/local/texlive/2018/texmf-dist/tex/latex/geometry/geometry.sty
Package: geometry 2018/03/24 v5.7 Page Geometry
 (/usr/local/texlive/2018/texmf-dist/tex/latex/graphics/keyval.sty
Package: keyval 2014/10/28 v1.15 key=value parser (DPC)
\KV@toks@=\toks14
) (/usr/local/texlive/2018/texmf-dist/tex/generic/oberdiek/ifpdf.sty
Package: ifpdf 2017/03/15 v3.2 Provides the ifpdf switch
) (/usr/local/texlive/2018/texmf-dist/tex/generic/oberdiek/ifvtex.sty
Package: ifvtex 2016/05/16 v1.6 Detect VTeX and its facilities (HO)
Package ifvtex Info: VTeX not detected.
) (/usr/local/texlive/2018/texmf-dist/tex/generic/ifxetex/ifxetex.sty
Package: ifxetex 2010/09/12 v0.6 Provides ifxetex conditional
)
\Gm@cnth=\count180
\Gm@cntv=\count181
\c@Gm@tempcnt=\count182
\Gm@bindingoffset=\dimen137
\Gm@wd@mp=\dimen138
\Gm@odd@mp=\dimen139
\Gm@even@mp=\dimen140
\Gm@layoutwidth=\dimen141
\Gm@layoutheight=\dimen142
\Gm@layouthoffset=\dimen143
\Gm@layoutvoffset=\dimen144
\Gm@dimlist=\toks15
) (/usr/local/texlive/2018/texmf-dist/tex/latex/enumitem/enumitem.sty
Package: enumitem 2011/09/28 v3.5.2 Customized lists
\labelindent=\skip53
\enit@outerparindent=\dimen145
\enit@toks=\toks16
\enit@inbox=\box41
\enitdp@description=\count183
) (/usr/local/texlive/2018/texmf-dist/tex/latex/titlesec/titlesec.sty
Package: titlesec 2016/03/21 v2.10.2 Sectioning titles
\ttl@box=\box42
\beforetitleunit=\skip54
\aftertitleunit=\skip55
\ttl@plus=\dimen146
\ttl@minus=\dimen147
\ttl@toksa=\toks17
\titlewidth=\dimen148
\titlewidthlast=\dimen149
\titlewidthfirst=\dimen150
) (/usr/local/texlive/2018/texmf-dist/tex/latex/xcolor/xcolor.sty
Package: xcolor 2016/05/11 v2.12 LaTeX color extensions (UK)
 (/usr/local/texlive/2018/texmf-dist/tex/latex/graphics-cfg/color.cfg
File: color.cfg 2016/01/02 v1.6 sample color configuration
)
Package xcolor Info: Package option `usenames' ignored on input line 216.
Package xcolor Info: Driver file: xetex.def on input line 225.
 (/usr/local/texlive/2018/texmf-dist/tex/latex/graphics-def/xetex.def
File: xetex.def 2017/06/24 v5.0h Graphics/color driver for xetex
)
Package xcolor Info: Model `cmy' substituted by `cmy0' on input line 1348.
Package xcolor Info: Model `RGB' extended on input line 1364.
Package xcolor Info: Model `HTML' substituted by `rgb' on input line 1366.
Package xcolor Info: Model `Hsb' substituted by `hsb' on input line 1367.
Package xcolor Info: Model `tHsb' substituted by `hsb' on input line 1368.
Package xcolor Info: Model `HSB' substituted by `hsb' on input line 1369.
Package xcolor Info: Model `Gray' substituted by `gray' on input line 1370.
Package xcolor Info: Model `wave' substituted by `hsb' on input line 1371.
 (/usr/local/texlive/2018/texmf-dist/tex/latex/graphics/dvipsnam.def
File: dvipsnam.def 2016/06/17 v3.0m Driver-dependent file (DPC,SPQR)
)) (/usr/local/texlive/2018/texmf-dist/tex/xelatex/xunicode/xunicode.sty
File: xunicode.sty 2011/09/09 v0.981 provides access to latin accents and many other characters in Unicode lower plane
 (/usr/local/texlive/2018/texmf-dist/tex/latex/tipa/t3enc.def
File: t3enc.def 2001/12/31 T3 encoding
)
\tipaTiiicode=\count184
\tipasavetokens=\toks18
\tipachecktokens=\toks19
 (/usr/local/texlive/2018/texmf-dist/tex/latex/graphics/graphicx.sty
Package: graphicx 2017/06/01 v1.1a Enhanced LaTeX Graphics (DPC,SPQR)
 (/usr/local/texlive/2018/texmf-dist/tex/latex/graphics/graphics.sty
Package: graphics 2017/06/25 v1.2c Standard LaTeX Graphics (DPC,SPQR)
 (/usr/local/texlive/2018/texmf-dist/tex/latex/graphics/trig.sty
Package: trig 2016/01/03 v1.10 sin cos tan (DPC)
) (/usr/local/texlive/2018/texmf-dist/tex/latex/graphics-cfg/graphics.cfg
File: graphics.cfg 2016/06/04 v1.11 sample graphics configuration
)
Package graphics Info: Driver file: xetex.def on input line 99.
)
\Gin@req@height=\dimen151
\Gin@req@width=\dimen152
)) (/usr/local/texlive/2018/texmf-dist/tex/latex/xltxtra/xltxtra.sty
Package: xltxtra 2016/01/21 v0.6 Improvements for the "XeLaTeX" format

(/usr/local/texlive/2018/texmf-dist/tex/generic/oberdiek/ifluatex.sty
Package: ifluatex 2016/05/16 v1.4 Provides the ifluatex switch (HO)
Package ifluatex Info: LuaTeX not detected.
) (/usr/local/texlive/2018/texmf-dist/tex/latex/realscripts/realscripts.sty
Package: realscripts 2016/02/13 v0.3d Access OpenType subscripts and superscripts
.................................................
. LaTeX info: "xparse/define-command"
. 
. Defining command \fakesubscript with sig. 'm' on line 19.
.................................................
.................................................
. LaTeX info: "xparse/define-command"
. 
. Defining command \fakesuperscript with sig. 'm' on line 22.
.................................................
.................................................
. LaTeX info: "xparse/redefine-command"
. 
. Redefining command \textsubscript with sig. 's' on line 25.
.................................................
.................................................
. LaTeX info: "xparse/redefine-command"
. 
. Redefining command \textsuperscript with sig. 's' on line 28.
.................................................
.................................................
. LaTeX info: "xparse/define-command"
. 
. Defining command \realsubscript with sig. 'm' on line 45.
.................................................
.................................................
. LaTeX info: "xparse/define-command"
. 
. Defining command \realsuperscript with sig. 'm' on line 60.
.................................................
.................................................
. LaTeX info: "xparse/define-command"
. 
. Defining command \textsubsuperscript with sig. 'sO{l}mm' on line 138.
.................................................
.................................................
. LaTeX info: "xparse/define-command"
. 
. Defining command \textsupersubscript with sig. 'sO{l}mm' on line 143.
.................................................
\subsupersep=\dimen153
) (/usr/local/texlive/2018/texmf-dist/tex/latex/metalogo/metalogo.sty
Package: metalogo 2010/05/29 v0.12 Extended TeX logo macros
\xl@everylogo=\toks20
\xl@@everylogo=\toks21
LaTeX Info: Redefining \TeX on input line 193.
LaTeX Info: Redefining \LaTeX on input line 202.
LaTeX Info: Redefining \LaTeXe on input line 219.
)
\l__xetex_show_hyphens_wrapping_box=\box43
\l__xetex_show_hyphens_temp_box=\box44
\l__xetex_show_hyphens_final_box=\box45
\g__xetex_show_hyphens_word_box=\box46
) (/usr/local/texlive/2018/texmf-dist/tex/latex/base/fontenc.sty
Package: fontenc 2017/04/05 v2.0i Standard LaTeX package
 (/usr/local/texlive/2018/texmf-dist/tex/latex/greek-fontenc/lgrenc.def
File: lgrenc.def 2015/12/07 v0.13.1 LGR Greek font encoding definitions
 (/usr/local/texlive/2018/texmf-dist/tex/latex/greek-fontenc/greek-fontenc.def
File: greek-fontenc.def 2015/08/04 v0.13 Common Greek font encoding definitions
)) (/usr/local/texlive/2018/texmf-dist/tex/latex/base/t1enc.def
File: t1enc.def 2017/04/05 v2.0i Standard LaTeX file
LaTeX Font Info:    Redeclaring font encoding T1 on input line 48.
)) (/usr/local/texlive/2018/texmf-dist/tex/latex/bera/beraserif.sty
Package: beraserif 2004/01/30 (WaS)
LaTeX Font Info:    Try loading font information for T1+fve on input line 30.
 (/usr/local/texlive/2018/texmf-dist/tex/latex/bera/t1fve.fd
File: t1fve.fd 2004/09/07 scalable font definitions for T1/fve.
)
LaTeX Font Info:    Font shape `T1/fve/m/n' will be
(Font)              scaled to size 8.80005pt on input line 30.
) (/usr/local/texlive/2018/texmf-dist/tex/latex/bera/berasans.sty
Package: berasans 2004/01/30 (WaS)
) (/usr/local/texlive/2018/texmf-dist/tex/latex/bera/beramono.sty
Package: beramono 2004/01/31 (WaS)
) (/usr/local/texlive/2018/texmf-dist/tex/latex/psnfss/mathpazo.sty
Package: mathpazo 2005/04/12 PSNFSS-v9.2a Palatino w/ Pazo Math (D.Puga, WaS) 
\symupright=\mathgroup4
) (/usr/local/texlive/2018/texmf-dist/tex/latex/eulervm/eulervm.sty
Package: eulervm 2005/01/11 v4.0 (WaS)
) (/usr/local/texlive/2018/texmf-dist/tex/latex/marginnote/marginnote.sty
Package: marginnote 2017/04/22 v1.2b non floating margin notes for LaTeX
\c@mn@abspage=\count185
) (/usr/local/texlive/2018/texmf-dist/tex/latex/sectsty/sectsty.sty
Package: sectsty 2002/02/25 v2.0.2 Commands to change all sectional heading styles
) (/usr/local/texlive/2018/texmf-dist/tex/generic/ulem/ulem.sty
\UL@box=\box47
\UL@hyphenbox=\box48
\UL@skip=\skip56
\UL@hook=\toks22
\UL@height=\dimen154
\UL@pe=\count186
\UL@pixel=\dimen155
\ULC@box=\box49
Package: ulem 2012/05/18
\ULdepth=\dimen156
) (/usr/local/texlive/2018/texmf-dist/tex/latex/hyperref/hyperref.sty
Package: hyperref 2018/02/06 v6.86b Hypertext links for LaTeX
 (/usr/local/texlive/2018/texmf-dist/tex/generic/oberdiek/hobsub-hyperref.sty
Package: hobsub-hyperref 2016/05/16 v1.14 Bundle oberdiek, subset hyperref (HO)
 (/usr/local/texlive/2018/texmf-dist/tex/generic/oberdiek/hobsub-generic.sty
Package: hobsub-generic 2016/05/16 v1.14 Bundle oberdiek, subset generic (HO)
Package: hobsub 2016/05/16 v1.14 Construct package bundles (HO)
Package: infwarerr 2016/05/16 v1.4 Providing info/warning/error messages (HO)
Package: ltxcmds 2016/05/16 v1.23 LaTeX kernel commands for general use (HO)
Package hobsub Info: Skipping package `ifluatex' (already loaded).
Package hobsub Info: Skipping package `ifvtex' (already loaded).
Package: intcalc 2016/05/16 v1.2 Expandable calculations with integers (HO)
Package hobsub Info: Skipping package `ifpdf' (already loaded).
Package: etexcmds 2016/05/16 v1.6 Avoid name clashes with e-TeX commands (HO)
Package etexcmds Info: Could not find \expanded.
(etexcmds)             That can mean that you are not using pdfTeX 1.50 or
(etexcmds)             that some package has redefined \expanded.
(etexcmds)             In the latter case, load this package earlier.
Package: kvsetkeys 2016/05/16 v1.17 Key value parser (HO)
Package: kvdefinekeys 2016/05/16 v1.4 Define keys (HO)
Package: pdftexcmds 2018/01/30 v0.27 Utility functions of pdfTeX for LuaTeX (HO)
Package pdftexcmds Info: LuaTeX not detected.
Package pdftexcmds Info: pdfTeX >= 1.30 not detected.
Package pdftexcmds Info: \pdf@primitive is available.
Package pdftexcmds Info: \pdf@ifprimitive is available.
Package pdftexcmds Info: \pdfdraftmode not found.
Package: pdfescape 2016/05/16 v1.14 Implements pdfTeX's escape features (HO)
Package: bigintcalc 2016/05/16 v1.4 Expandable calculations on big integers (HO)
Package: bitset 2016/05/16 v1.2 Handle bit-vector datatype (HO)
Package: uniquecounter 2016/05/16 v1.3 Provide unlimited unique counter (HO)
)
Package hobsub Info: Skipping package `hobsub' (already loaded).
Package: letltxmacro 2016/05/16 v1.5 Let assignment for LaTeX macros (HO)
Package: hopatch 2016/05/16 v1.3 Wrapper for package hooks (HO)
Package: xcolor-patch 2016/05/16 xcolor patch
Package: atveryend 2016/05/16 v1.9 Hooks at the very end of document (HO)
Package atveryend Info: \enddocument detected (standard20110627).
Package: atbegshi 2016/06/09 v1.18 At begin shipout hook (HO)
Package: refcount 2016/05/16 v3.5 Data extraction from label references (HO)
Package: hycolor 2016/05/16 v1.8 Color options for hyperref/bookmark (HO)
) (/usr/local/texlive/2018/texmf-dist/tex/latex/oberdiek/auxhook.sty
Package: auxhook 2016/05/16 v1.4 Hooks for auxiliary files (HO)
) (/usr/local/texlive/2018/texmf-dist/tex/latex/oberdiek/kvoptions.sty
Package: kvoptions 2016/05/16 v3.12 Key value format for package options (HO)
)
\@linkdim=\dimen157
\Hy@linkcounter=\count187
\Hy@pagecounter=\count188
 (/usr/local/texlive/2018/texmf-dist/tex/latex/hyperref/pd1enc.def
File: pd1enc.def 2018/02/06 v6.86b Hyperref: PDFDocEncoding definition (HO)
)
\Hy@SavedSpaceFactor=\count189
 (/usr/local/texlive/2018/texmf-dist/tex/latex/latexconfig/hyperref.cfg
File: hyperref.cfg 2002/06/06 v1.2 hyperref configuration of TeXLive
)
Package hyperref Info: Option `bookmarks' set `true' on input line 4383.
Package hyperref Info: Option `colorlinks' set `true' on input line 4383.
Package hyperref Info: Option `breaklinks' set `true' on input line 4383.


Package hyperref Warning: XeTeX driver only supports unicode.
(hyperref)                Enabling option `unicode'.

Package hyperref Info: Option `unicode' set `true' on input line 4383.
(/usr/local/texlive/2018/texmf-dist/tex/latex/hyperref/puenc.def
File: puenc.def 2018/02/06 v6.86b Hyperref: PDF Unicode definition (HO)
)

Package hyperref Warning: pdfproducer: xdvipdfmx will use its own setting
(hyperref)                instead of the value given on input line 4383.

Package hyperref Info: Hyper figures OFF on input line 4509.
Package hyperref Info: Link nesting OFF on input line 4514.
Package hyperref Info: Hyper index ON on input line 4517.
Package hyperref Info: Plain pages OFF on input line 4524.
Package hyperref Info: Backreferencing OFF on input line 4529.
Package hyperref Info: Implicit mode ON; LaTeX internals redefined.
Package hyperref Info: Bookmarks ON on input line 4762.
\c@Hy@tempcnt=\count190
(/usr/local/texlive/2018/texmf-dist/tex/latex/url/url.sty
\Urlmuskip=\muskip16
Package: url 2013/09/16  ver 3.4  Verb mode for urls, etc.
)
LaTeX Info: Redefining \url on input line 5115.
\XeTeXLinkMargin=\dimen158
\Fld@menulength=\count191
\Field@Width=\dimen159
\Fld@charsize=\dimen160
Package hyperref Info: Hyper figures OFF on input line 6369.
Package hyperref Info: Link nesting OFF on input line 6374.
Package hyperref Info: Hyper index ON on input line 6377.
Package hyperref Info: backreferencing OFF on input line 6384.
Package hyperref Info: Link coloring ON on input line 6387.
Package hyperref Info: Link coloring with OCG OFF on input line 6394.
Package hyperref Info: PDF/A mode OFF on input line 6399.
LaTeX Info: Redefining \ref on input line 6439.
LaTeX Info: Redefining \pageref on input line 6443.
\Hy@abspage=\count192
\c@Item=\count193
\c@Hfootnote=\count194
)
Package hyperref Info: Driver (autodetected): hxetex.
 (/usr/local/texlive/2018/texmf-dist/tex/latex/hyperref/hxetex.def
File: hxetex.def 2018/02/06 v6.86b Hyperref driver for XeTeX
 (/usr/local/texlive/2018/texmf-dist/tex/generic/oberdiek/stringenc.sty
Package: stringenc 2016/05/16 v1.11 Convert strings between diff. encodings (HO)
)
\pdfm@box=\box50
\c@Hy@AnnotLevel=\count195
\HyField@AnnotCount=\count196
\Fld@listcount=\count197
\c@bookmark@seq@number=\count198
 (/usr/local/texlive/2018/texmf-dist/tex/latex/oberdiek/rerunfilecheck.sty
Package: rerunfilecheck 2016/05/16 v1.8 Rerun checks for auxiliary files (HO)
Package uniquecounter Info: New unique counter `rerunfilecheck' on input line 282.
)
\Hy@SectionHShift=\skip57
) (/Users/miaocai/Dropbox/CV/Englishcv/EnglishCV/.texpadtmp/Miao_Cai_CV_English.aux)
\openout1 = `Miao_Cai_CV_English.aux'.

LaTeX Font Info:    Checking defaults for OML/cmm/m/it on input line 82.
LaTeX Font Info:    ... okay on input line 82.
LaTeX Font Info:    Checking defaults for T1/cmr/m/n on input line 82.
LaTeX Font Info:    ... okay on input line 82.
LaTeX Font Info:    Checking defaults for OT1/cmr/m/n on input line 82.
LaTeX Font Info:    ... okay on input line 82.
LaTeX Font Info:    Checking defaults for OMS/cmsy/m/n on input line 82.
LaTeX Font Info:    ... okay on input line 82.
LaTeX Font Info:    Checking defaults for TU/lmr/m/n on input line 82.
LaTeX Font Info:    ... okay on input line 82.
LaTeX Font Info:    Checking defaults for OMX/cmex/m/n on input line 82.
LaTeX Font Info:    ... okay on input line 82.
LaTeX Font Info:    Checking defaults for U/cmr/m/n on input line 82.
LaTeX Font Info:    ... okay on input line 82.
LaTeX Font Info:    Checking defaults for T3/cmr/m/n on input line 82.
LaTeX Font Info:    Try loading font information for T3+cmr on input line 82.
 (/usr/local/texlive/2018/texmf-dist/tex/latex/tipa/t3cmr.fd
File: t3cmr.fd 2001/12/31 TIPA font definitions
)
LaTeX Font Info:    ... okay on input line 82.
LaTeX Font Info:    Checking defaults for LGR/cmr/m/n on input line 82.
LaTeX Font Info:    Try loading font information for LGR+cmr on input line 82.
 (/usr/local/texlive/2018/texmf-dist/tex/latex/cbfonts-fd/lgrcmr.fd
File: lgrcmr.fd 2017/07/29 v1.2 Greek European Computer Regular
)
LaTeX Font Info:    ... okay on input line 82.
LaTeX Font Info:    Checking defaults for PD1/pdf/m/n on input line 82.
LaTeX Font Info:    ... okay on input line 82.
LaTeX Font Info:    Checking defaults for PU/pdf/m/n on input line 82.
LaTeX Font Info:    ... okay on input line 82.
LaTeX Font Info:    Try loading font information for T1+ppl on input line 82.
 (/usr/local/texlive/2018/texmf-dist/tex/latex/psnfss/t1ppl.fd
File: t1ppl.fd 2001/06/04 font definitions for T1/ppl.
)
*geometry* driver: auto-detecting
*geometry* detected driver: xetex
*geometry* verbose mode - [ preamble ] result:
* driver: xetex
* paper: a4paper
* layout: <same size as paper>
* layoutoffset:(h,v)=(0.0pt,0.0pt)
* modes: 
* h-part:(L,W,R)=(85.35826pt, 460.93466pt, 51.21495pt)
* v-part:(T,H,B)=(56.9055pt, 731.23584pt, 56.9055pt)
* \paperwidth=597.50787pt
* \paperheight=845.04684pt
* \textwidth=460.93466pt
* \textheight=731.23584pt
* \oddsidemargin=13.08827pt
* \evensidemargin=13.08827pt
* \topmargin=-52.36449pt
* \headheight=12.0pt
* \headsep=25.0pt
* \topskip=11.0pt
* \footskip=30.0pt
* \marginparwidth=50.0pt
* \marginparsep=0.0pt
* \columnsep=10.0pt
* \skip\footins=10.0pt plus 4.0pt minus 2.0pt
* \hoffset=0.0pt
* \voffset=0.0pt
* \mag=1000
* \@twocolumnfalse
* \@twosidefalse
* \@mparswitchfalse
* \@reversemargintrue
* (1in=72.27pt=25.4mm, 1cm=28.453pt)

\big@size=\dimen161
\big@size=\dimen162
Package marginnote Info: \pdfoutput not 0 or unimportant and
(marginnote)             \pdflastxpos or \lastxpos available.
(marginnote)             Extended position detection mode activated.
\AtBeginShipoutBox=\box51
Package hyperref Info: Link coloring ON on input line 82.
(/usr/local/texlive/2018/texmf-dist/tex/latex/hyperref/nameref.sty
Package: nameref 2016/05/21 v2.44 Cross-referencing by name of section
 (/usr/local/texlive/2018/texmf-dist/tex/generic/oberdiek/gettitlestring.sty
Package: gettitlestring 2016/05/16 v1.5 Cleanup title references (HO)
)
\c@section@level=\count199
)
LaTeX Info: Redefining \ref on input line 82.
LaTeX Info: Redefining \pageref on input line 82.
LaTeX Info: Redefining \nameref on input line 82.
 (/Users/miaocai/Dropbox/CV/Englishcv/EnglishCV/.texpadtmp/Miao_Cai_CV_English.out) (/Users/miaocai/Dropbox/CV/Englishcv/EnglishCV/.texpadtmp/Miao_Cai_CV_English.out)
\@outlinefile=\write3
\openout3 = `Miao_Cai_CV_English.out'.


Underfull \hbox (badness 10000) in paragraph at lines 83--85

 []


Overfull \hbox (2.08049pt too wide) in paragraph at lines 95--106
[][]  [] 
 []

LaTeX Font Info:    Font shape `T1/ppl/bx/n' in size <14.4> not available
(Font)              Font shape `T1/ppl/b/n' tried instead on input line 114.
LaTeX Font Info:    Try loading font information for OMS+ppl on input line 116.
(/usr/local/texlive/2018/texmf-dist/tex/latex/psnfss/omsppl.fd
File: omsppl.fd 
)
LaTeX Font Info:    Font shape `OMS/ppl/m/n' in size <10.95> not available
(Font)              Font shape `OMS/cmsy/m/n' tried instead on input line 116.
LaTeX Font Info:    Font shape `T1/ppl/bx/n' in size <10.95> not available
(Font)              Font shape `T1/ppl/b/n' tried instead on input line 116.

Overfull \hbox (0.2316pt too wide) in paragraph at lines 116--120
[]\T1/ppl/b/n/10.95 Research projects\T1/ppl/m/n/10.95 : [] 
 []

LaTeX Font Info:    Try loading font information for U+zeur on input line 128.
(/usr/local/texlive/2018/texmf-dist/tex/latex/eulervm/uzeur.fd
File: uzeur.fd 2005/01/11 v4.0 (WaS)
)
LaTeX Font Info:    Try loading font information for U+zeus on input line 128.
 (/usr/local/texlive/2018/texmf-dist/tex/latex/eulervm/uzeus.fd
File: uzeus.fd 2005/01/11 v4.0 (WaS)
)
LaTeX Font Info:    Try loading font information for U+zeuex on input line 128.
 (/usr/local/texlive/2018/texmf-dist/tex/latex/eulervm/uzeuex.fd
File: uzeuex.fd 2005/01/11 v4.0 (WaS)
)
LaTeX Font Info:    Try loading font information for OT1+zplm on input line 128.
 (/usr/local/texlive/2018/texmf-dist/tex/latex/psnfss/ot1zplm.fd
File: ot1zplm.fd 2002/09/08 Fontinst v1.914 font definitions for OT1/zplm.
)
Package marginnote Info: Margin note 1.1 is on absolute page 1
(marginnote)              on input line 140.
Package marginnote Info: right page because not two side mode on input line 140.
Package marginnote Info: xpos seems to be 85.35826pt,
(marginnote)             \marginnoteleftadjust ignored on input line 140.
Package marginnote Info: Margin note 1.2 is on absolute page 1
(marginnote)              on input line 142.
Package marginnote Info: right page because not two side mode on input line 142.
Package marginnote Info: xpos seems to be 85.35826pt,
(marginnote)             \marginnoteleftadjust ignored on input line 142.
Package marginnote Info: Margin note 1.3 is on absolute page 1
(marginnote)              on input line 144.
Package marginnote Info: right page because not two side mode on input line 144.
Package marginnote Info: xpos seems to be 85.35826pt,
(marginnote)             \marginnoteleftadjust ignored on input line 144.
Package marginnote Info: Margin note 1.4 is on absolute page 1
(marginnote)              on input line 150.
Package marginnote Info: right page because not two side mode on input line 150.
Package marginnote Info: xpos seems to be 85.35826pt,
(marginnote)             \marginnoteleftadjust ignored on input line 150.
Package marginnote Info: Margin note 1.5 is on absolute page 1
(marginnote)              on input line 152.
Package marginnote Info: right page because not two side mode on input line 152.
Package marginnote Info: xpos seems to be 85.35826pt,
(marginnote)             \marginnoteleftadjust ignored on input line 152.
Package marginnote Info: Margin note 1.6 is on absolute page 1
(marginnote)              on input line 154.
Package marginnote Info: right page because not two side mode on input line 154.
Package marginnote Info: xpos seems to be 85.35826pt,
(marginnote)             \marginnoteleftadjust ignored on input line 154.
Package marginnote Info: Margin note 1.7 is on absolute page 1
(marginnote)              on input line 156.
Package marginnote Info: right page because not two side mode on input line 156.
Package marginnote Info: xpos seems to be 85.35826pt,
(marginnote)             \marginnoteleftadjust ignored on input line 156.
Package marginnote Info: Margin note 1.8 is on absolute page 1
(marginnote)              on input line 162.
Package marginnote Info: right page because not two side mode on input line 162.
Package marginnote Info: xpos seems to be 85.35826pt,
(marginnote)             \marginnoteleftadjust ignored on input line 162.
LaTeX Font Info:    Try loading font information for T1+fvm on input line 162.
 (/usr/local/texlive/2018/texmf-dist/tex/latex/bera/t1fvm.fd
File: t1fvm.fd 2004/09/07 scalable font definitions for T1/fvm.
)
LaTeX Font Info:    Font shape `T1/fvm/m/n' will be
(Font)              scaled to size 9.19795pt on input line 162.
Package marginnote Info: Margin note 1.9 is on absolute page 1
(marginnote)              on input line 164.
Package marginnote Info: right page because not two side mode on input line 164.
Package marginnote Info: xpos seems to be 85.35826pt,
(marginnote)             \marginnoteleftadjust ignored on input line 164.
Package marginnote Info: Margin note 1.10 is on absolute page 1
(marginnote)              on input line 166.
Package marginnote Info: right page because not two side mode on input line 166.
Package marginnote Info: xpos seems to be 85.35826pt,
(marginnote)             \marginnoteleftadjust ignored on input line 166.
Package marginnote Info: Margin note 1.11 is on absolute page 1
(marginnote)              on input line 168.
Package marginnote Info: right page because not two side mode on input line 168.
Package marginnote Info: xpos seems to be 85.35826pt,
(marginnote)             \marginnoteleftadjust ignored on input line 168.
Package marginnote Info: Margin note 1.12 is on absolute page 1
(marginnote)              on input line 170.
Package marginnote Info: right page because not two side mode on input line 170.
Package marginnote Info: xpos seems to be 85.35826pt,
(marginnote)             \marginnoteleftadjust ignored on input line 170.
Package marginnote Info: Margin note 1.13 is on absolute page 1
(marginnote)              on input line 172.
Package marginnote Info: right page because not two side mode on input line 172.
Package marginnote Info: xpos seems to be 85.35826pt,
(marginnote)             \marginnoteleftadjust ignored on input line 172.
Package marginnote Info: Margin note 1.14 is on absolute page 1
(marginnote)              on input line 174.
Package marginnote Info: right page because not two side mode on input line 174.
Package marginnote Info: xpos seems to be 85.35826pt,
(marginnote)             \marginnoteleftadjust ignored on input line 174.
Package marginnote Info: Margin note 1.15 is on absolute page 1
(marginnote)              on input line 177.
Package marginnote Info: right page because not two side mode on input line 177.
Package marginnote Info: xpos seems to be 85.35826pt,
(marginnote)             \marginnoteleftadjust ignored on input line 177.
 [1

]
Package marginnote Info: Margin note 2.1 is on absolute page 2
(marginnote)              on input line 186.
Package marginnote Info: right page because not two side mode on input line 186.
Package marginnote Info: xpos seems to be 85.35826pt,
(marginnote)             \marginnoteleftadjust ignored on input line 186.
Package marginnote Info: Margin note 2.2 is on absolute page 2
(marginnote)              on input line 188.
Package marginnote Info: right page because not two side mode on input line 188.
Package marginnote Info: xpos seems to be 85.35826pt,
(marginnote)             \marginnoteleftadjust ignored on input line 188.
Package marginnote Info: Margin note 2.3 is on absolute page 2
(marginnote)              on input line 190.
Package marginnote Info: right page because not two side mode on input line 190.
Package marginnote Info: xpos seems to be 85.35826pt,
(marginnote)             \marginnoteleftadjust ignored on input line 190.
Package marginnote Info: Margin note 2.4 is on absolute page 2
(marginnote)              on input line 192.
Package marginnote Info: right page because not two side mode on input line 192.
Package marginnote Info: xpos seems to be 85.35826pt,
(marginnote)             \marginnoteleftadjust ignored on input line 192.
Package marginnote Info: Margin note 2.5 is on absolute page 2
(marginnote)              on input line 194.
Package marginnote Info: right page because not two side mode on input line 194.
Package marginnote Info: xpos seems to be 85.35826pt,
(marginnote)             \marginnoteleftadjust ignored on input line 194.
Package marginnote Info: Margin note 2.6 is on absolute page 2
(marginnote)              on input line 196.
Package marginnote Info: right page because not two side mode on input line 196.
Package marginnote Info: xpos seems to be 85.35826pt,
(marginnote)             \marginnoteleftadjust ignored on input line 196.
Package marginnote Info: Margin note 2.7 is on absolute page 2
(marginnote)              on input line 198.
Package marginnote Info: right page because not two side mode on input line 198.
Package marginnote Info: xpos seems to be 85.35826pt,
(marginnote)             \marginnoteleftadjust ignored on input line 198.
Package marginnote Info: Margin note 2.8 is on absolute page 2
(marginnote)              on input line 200.
Package marginnote Info: right page because not two side mode on input line 200.
Package marginnote Info: xpos seems to be 85.35826pt,
(marginnote)             \marginnoteleftadjust ignored on input line 200.
Package marginnote Info: Margin note 2.9 is on absolute page 2
(marginnote)              on input line 202.
Package marginnote Info: right page because not two side mode on input line 202.
Package marginnote Info: xpos seems to be 85.35826pt,
(marginnote)             \marginnoteleftadjust ignored on input line 202.
Package marginnote Info: Margin note 2.10 is on absolute page 2
(marginnote)              on input line 204.
Package marginnote Info: right page because not two side mode on input line 204.
Package marginnote Info: xpos seems to be 85.35826pt,
(marginnote)             \marginnoteleftadjust ignored on input line 204.
Package marginnote Info: Margin note 2.11 is on absolute page 2
(marginnote)              on input line 209.
Package marginnote Info: right page because not two side mode on input line 209.
Package marginnote Info: xpos seems to be 85.35826pt,
(marginnote)             \marginnoteleftadjust ignored on input line 209.
Package marginnote Info: Margin note 2.12 is on absolute page 2
(marginnote)              on input line 211.
Package marginnote Info: right page because not two side mode on input line 211.
Package marginnote Info: xpos seems to be 85.35826pt,
(marginnote)             \marginnoteleftadjust ignored on input line 211.
Package marginnote Info: Margin note 2.13 is on absolute page 2
(marginnote)              on input line 213.
Package marginnote Info: right page because not two side mode on input line 213.
Package marginnote Info: xpos seems to be 85.35826pt,
(marginnote)             \marginnoteleftadjust ignored on input line 213.
LaTeX Font Info:    Font shape `T1/ppl/bx/n' in size <12> not available
(Font)              Font shape `T1/ppl/b/n' tried instead on input line 237.
Package marginnote Info: Margin note 2.14 is on absolute page 3
(marginnote)              on input line 239.
Package marginnote Info: right page because not two side mode on input line 239.
Package marginnote Info: xpos seems to be 85.35826pt,
(marginnote)             \marginnoteleftadjust ignored on input line 239.
 [2

]
Overfull \hbox (11.25746pt too wide) in paragraph at lines 241--242
\T1/ppl/m/n/10.95 Road Traf-fic Safety. Part 1: De-scrip-tive and Pre-dic-tive Mod-el-ing", \T1/ppl/m/it/10.95 Sen-sors\T1/ppl/m/n/10.95 . DOI: [][]10.3390/s20041107[][],
 []

Package marginnote Info: Margin note 3.1 is on absolute page 3
(marginnote)              on input line 258.
Package marginnote Info: right page because not two side mode on input line 258.
Package marginnote Info: xpos seems to be 85.35826pt,
(marginnote)             \marginnoteleftadjust ignored on input line 258.
Package marginnote Info: Margin note 3.2 is on absolute page 3
(marginnote)              on input line 264.
Package marginnote Info: right page because not two side mode on input line 264.
Package marginnote Info: xpos seems to be 85.35826pt,
(marginnote)             \marginnoteleftadjust ignored on input line 264.
Package marginnote Info: Margin note 3.3 is on absolute page 4
(marginnote)              on input line 272.
Package marginnote Info: right page because not two side mode on input line 272.
Package marginnote Info: xpos seems to be 85.35826pt,
(marginnote)             \marginnoteleftadjust ignored on input line 272.
[3]
Package marginnote Info: Margin note 4.1 is on absolute page 4
(marginnote)              on input line 278.
Package marginnote Info: right page because not two side mode on input line 278.
Package marginnote Info: xpos seems to be 85.35826pt,
(marginnote)             \marginnoteleftadjust ignored on input line 278.
Package marginnote Info: Margin note 4.2 is on absolute page 4
(marginnote)              on input line 287.
Package marginnote Info: right page because not two side mode on input line 287.
Package marginnote Info: xpos seems to be 85.35826pt,
(marginnote)             \marginnoteleftadjust ignored on input line 287.
Package marginnote Info: Margin note 4.3 is on absolute page 4
(marginnote)              on input line 294.
Package marginnote Info: right page because not two side mode on input line 294.
Package marginnote Info: xpos seems to be 85.35826pt,
(marginnote)             \marginnoteleftadjust ignored on input line 294.
Package marginnote Info: Margin note 4.4 is on absolute page 4
(marginnote)              on input line 296.
Package marginnote Info: right page because not two side mode on input line 296.
Package marginnote Info: xpos seems to be 85.35826pt,
(marginnote)             \marginnoteleftadjust ignored on input line 296.
Missing character: There is no ’ in font pplr8t!
Package marginnote Info: Margin note 4.5 is on absolute page 4
(marginnote)              on input line 304.
Package marginnote Info: right page because not two side mode on input line 304.
Package marginnote Info: xpos seems to be 85.35826pt,
(marginnote)             \marginnoteleftadjust ignored on input line 304.
 [4]
Package marginnote Info: Margin note 5.1 is on absolute page 5
(marginnote)              on input line 312.
Package marginnote Info: right page because not two side mode on input line 312.
Package marginnote Info: xpos seems to be 85.35826pt,
(marginnote)             \marginnoteleftadjust ignored on input line 312.
Package marginnote Info: Margin note 5.2 is on absolute page 5
(marginnote)              on input line 314.
Package marginnote Info: right page because not two side mode on input line 314.
Package marginnote Info: xpos seems to be 85.35826pt,
(marginnote)             \marginnoteleftadjust ignored on input line 314.
Package marginnote Info: Margin note 5.3 is on absolute page 5
(marginnote)              on input line 316.
Package marginnote Info: right page because not two side mode on input line 316.
Package marginnote Info: xpos seems to be 85.35826pt,
(marginnote)             \marginnoteleftadjust ignored on input line 316.
Missing character: There is no – in font pplr8t!
Missing character: There is no – in font pplr8t!
Missing character: There is no – in font pplr8t!
Package marginnote Info: Margin note 5.4 is on absolute page 5
(marginnote)              on input line 326.
Package marginnote Info: right page because not two side mode on input line 326.
Package marginnote Info: xpos seems to be 85.35826pt,
(marginnote)             \marginnoteleftadjust ignored on input line 326.
Package marginnote Info: Margin note 5.5 is on absolute page 5
(marginnote)              on input line 328.
Package marginnote Info: right page because not two side mode on input line 328.
Package marginnote Info: xpos seems to be 85.35826pt,
(marginnote)             \marginnoteleftadjust ignored on input line 328.
Package marginnote Info: Margin note 5.6 is on absolute page 5
(marginnote)              on input line 330.
Package marginnote Info: right page because not two side mode on input line 330.
Package marginnote Info: xpos seems to be 85.35826pt,
(marginnote)             \marginnoteleftadjust ignored on input line 330.
Package marginnote Info: Margin note 5.7 is on absolute page 5
(marginnote)              on input line 334.
Package marginnote Info: right page because not two side mode on input line 334.
Package marginnote Info: xpos seems to be 85.35826pt,
(marginnote)             \marginnoteleftadjust ignored on input line 334.
Package marginnote Info: Margin note 5.8 is on absolute page 5
(marginnote)              on input line 340.
Package marginnote Info: right page because not two side mode on input line 340.
Package marginnote Info: xpos seems to be 85.35826pt,
(marginnote)             \marginnoteleftadjust ignored on input line 340.
Package marginnote Info: Margin note 5.9 is on absolute page 5
(marginnote)              on input line 342.
Package marginnote Info: right page because not two side mode on input line 342.
Package marginnote Info: xpos seems to be 85.35826pt,
(marginnote)             \marginnoteleftadjust ignored on input line 342.
 [5]
Package marginnote Info: Margin note 6.1 is on absolute page 7
(marginnote)              on input line 387.
Package marginnote Info: right page because not two side mode on input line 387.
Package marginnote Info: xpos seems to be 85.35826pt,
(marginnote)             \marginnoteleftadjust ignored on input line 387.
 [6]
Package marginnote Info: Margin note 7.1 is on absolute page 7
(marginnote)              on input line 388.
Package marginnote Info: right page because not two side mode on input line 388.
Package marginnote Info: xpos seems to be 85.35826pt,
(marginnote)             \marginnoteleftadjust ignored on input line 388.
Package marginnote Info: Margin note 7.2 is on absolute page 7
(marginnote)              on input line 397.
Package marginnote Info: right page because not two side mode on input line 397.
Package marginnote Info: xpos seems to be 85.35826pt,
(marginnote)             \marginnoteleftadjust ignored on input line 397.
Package marginnote Info: Margin note 7.3 is on absolute page 7
(marginnote)              on input line 398.
Package marginnote Info: right page because not two side mode on input line 398.
Package marginnote Info: xpos seems to be 85.35826pt,
(marginnote)             \marginnoteleftadjust ignored on input line 398.
Package marginnote Info: Margin note 7.4 is on absolute page 7
(marginnote)              on input line 402.
Package marginnote Info: right page because not two side mode on input line 402.
Package marginnote Info: xpos seems to be 85.35826pt,
(marginnote)             \marginnoteleftadjust ignored on input line 402.
Package marginnote Info: Margin note 7.5 is on absolute page 7
(marginnote)              on input line 403.
Package marginnote Info: right page because not two side mode on input line 403.
Package marginnote Info: xpos seems to be 85.35826pt,
(marginnote)             \marginnoteleftadjust ignored on input line 403.
Missing character: There is no • in font pplr8t!
Package atveryend Info: Empty hook `BeforeClearDocument' on input line 422.
 [7]
Package atveryend Info: Empty hook `AfterLastShipout' on input line 422.
 (/Users/miaocai/Dropbox/CV/Englishcv/EnglishCV/.texpadtmp/Miao_Cai_CV_English.aux)
Package atveryend Info: Empty hook `AtVeryEndDocument' on input line 422.
Package atveryend Info: Executing hook `AtEndAfterFileList' on input line 422.
Package rerunfilecheck Info: File `Miao_Cai_CV_English.out' has not changed.
(rerunfilecheck)             Checksum: .
Package atveryend Info: Empty hook `AtVeryVeryEnd' on input line 422.
 ) 
Here is how much of TeX's memory you used:
 23754 strings out of 492970
 438935 string characters out of 6133938
 517487 words of memory out of 5000000
 27593 multiletter control sequences out of 15000+600000
 549361 words of font info for 60 fonts, out of 8000000 for 9000
 1348 hyphenation exceptions out of 8191
 39i,12n,35p,10423b,455s stack positions out of 5000i,500n,10000p,200000b,80000s

Output written on /Users/miaocai/Dropbox/CV/Englishcv/EnglishCV/.texpadtmp/Miao_Cai_CV_English.pdf (7 pages).
